2016-10-17--18:52:26 exceRpt_smallRNA: BEGIN exceRpt smallRNA-seq pipeline v.4.6.2 for sample sample_DLD1_exo_2_fastq
======================

2016-10-17--18:52:26 exceRpt_smallRNA: Created results dir: /scratch/wbJob-runExceRpt-CMGr28-1277/sample_DLD1_exo_2_fastq

======================

2016-10-17--18:52:26 exceRpt_smallRNA: Processing adapter sequence:

2016-10-17--18:52:26 exceRpt_smallRNA: echo AGATCGGAAGAGCACACGTCTGAACTCCAGTCAC > /scratch/wbJob-runExceRpt-CMGr28-1277/sample_DLD1_exo_2_fastq/sample_DLD1_exo_2_fastq.adapterSeq

======================

2016-10-17--18:52:26 exceRpt_smallRNA: Guessing encoding of fastq read-qualities:

2016-10-17--18:52:26 exceRpt_smallRNA: cat /scratch/wbJob-runExceRpt-CMGr28-1277/eb0cb134a4e329fca651e65183cc86572572b334/DLD1.exo.2.fastq | head -n 40000 | awk '{if(NR%4==0) printf(%s,/bin/sh);}' | od -A n -t u1 | grep -v ^* | awk 'BEGIN{min=100;max=0;}{for(i=1;i<=NF;i++) {if(>max) max=; if(<min) min=;}}END{if(max<84) print 33; else print 64;}' > /scratch/wbJob-runExceRpt-CMGr28-1277/sample_DLD1_exo_2_fastq/sample_DLD1_exo_2_fastq.qualityEncoding

2016-10-17--18:52:26 exceRpt_smallRNA: Finished guessing encoding of fastq read-qualities:

======================

2016-10-17--18:52:26 exceRpt_smallRNA: Checking adapter against known sequences: cat /scratch/wbJob-runExceRpt-CMGr28-1277/eb0cb134a4e329fca651e65183cc86572572b334/DLD1.exo.2.fastq 2>> /scratch/wbJob-runExceRpt-CMGr28-1277/sample_DLD1_exo_2_fastq.err | java -Xmx30G -jar /opt/exceRptPipeline/4_prod/exceRpt_Tools.jar FindAdapter -n 1000 -m 100000 -s 4 -a /opt/exceRptPipeline/4_prod/exceRptDB_v4/DATABASE/adapters/adapters.fa - > /scratch/wbJob-runExceRpt-CMGr28-1277/sample_DLD1_exo_2_fastq/sample_DLD1_exo_2_fastq.knownAdapterSeq 2>> /scratch/wbJob-runExceRpt-CMGr28-1277/sample_DLD1_exo_2_fastq.log

2016/10/17 18:52:26  Searching for best of 7 potential adapter sequences
2016/10/17 18:52:26  
2016/10/17 18:52:27  FOUND! Most likely adapter (after 1000 reads): TruSeq_adapter_p7_OR_NEB_smallRNA_3p: AGATCGGAAGAGCACACGTCTGAACTCCAGTCAC
2016/10/17 18:52:27         with an average alignment score of 4.3 (1.3x higher than the next best adapter: Illumina_1.5_smallRNA_3p: ATCTCGTATGCCGTCTTCTGCTTGC)
======================

2016-10-17--18:52:27 exceRpt_smallRNA: Provided/guessed adapter sequence: AGATCGGAAGAGCACACGTCTGAACTCCAGTCAC
2016-10-17--18:52:27 exceRpt_smallRNA: 2016-10-17--18:52:27 exceRpt_smallRNA: Provided 3' adapter sequence. Removing 3' adapter sequence using fastX:

2016-10-17--18:52:27 exceRpt_smallRNA: cat /scratch/wbJob-runExceRpt-CMGr28-1277/eb0cb134a4e329fca651e65183cc86572572b334/DLD1.exo.2.fastq > /scratch/wbJob-runExceRpt-CMGr28-1277/sample_DLD1_exo_2_fastq/sample_DLD1_exo_2_fastq.preClipped.fastq.tmp; fastx_clipper  -Q33 -a AGATCGGAAGAGCACACGTCTGAACTCCAGTCAC -l 18 -v -n -M 7 -i /scratch/wbJob-runExceRpt-CMGr28-1277/sample_DLD1_exo_2_fastq/sample_DLD1_exo_2_fastq.preClipped.fastq.tmp -z -o /scratch/wbJob-runExceRpt-CMGr28-1277/sample_DLD1_exo_2_fastq/sample_DLD1_exo_2_fastq.clipped.fastq.tmp.gz >> /scratch/wbJob-runExceRpt-CMGr28-1277/sample_DLD1_exo_2_fastq.log 2>> /scratch/wbJob-runExceRpt-CMGr28-1277/sample_DLD1_exo_2_fastq.err; rm /scratch/wbJob-runExceRpt-CMGr28-1277/sample_DLD1_exo_2_fastq/sample_DLD1_exo_2_fastq.preClipped.fastq.tmp

Clipping Adapter: AGATCGGAAGAGCACACGTCTGAACTCCAGTCAC
Min. Length: 18
Input: 9458490 reads.
Output: 3709523 reads.
discarded 3938869 too-short reads.
discarded 1810098 adapter-only reads.
2016-10-17--18:59:47 exceRpt_smallRNA: Finished removing adapters

2016-10-17--18:59:47 exceRpt_smallRNA: Removing 0N random barcode:

2016-10-17--18:59:47 exceRpt_smallRNA: mv /scratch/wbJob-runExceRpt-CMGr28-1277/sample_DLD1_exo_2_fastq/sample_DLD1_exo_2_fastq.clipped.fastq.tmp.gz /scratch/wbJob-runExceRpt-CMGr28-1277/sample_DLD1_exo_2_fastq/sample_DLD1_exo_2_fastq.clipped.fastq.gz

2016-10-17--18:59:47 exceRpt_smallRNA: Finished removing random barcode

======================

2016-10-17--18:59:47 exceRpt_smallRNA: Trimming 0 bases from the 5' and 0 bases from the 3' of all reads:

2016-10-17--18:59:48 exceRpt_smallRNA: gunzip -c /scratch/wbJob-runExceRpt-CMGr28-1277/sample_DLD1_exo_2_fastq/sample_DLD1_exo_2_fastq.clipped.fastq.gz | java -Xmx30G -jar /opt/exceRptPipeline/4_prod/exceRpt_Tools.jar TrimFastq -5p 0 -3p 0 | gzip -c > /scratch/wbJob-runExceRpt-CMGr28-1277/sample_DLD1_exo_2_fastq/sample_DLD1_exo_2_fastq.clipped.trimmed.fastq.gz 2>>/scratch/wbJob-runExceRpt-CMGr28-1277/sample_DLD1_exo_2_fastq.log

2016-10-17--19:00:24 exceRpt_smallRNA: Finished trimming bases from the 5' and 3' end of all reads

======================

2016-10-17--19:00:24 exceRpt_smallRNA: Filtering reads by base quality:

2016-10-17--19:00:24 exceRpt_smallRNA: gunzip -c /scratch/wbJob-runExceRpt-CMGr28-1277/sample_DLD1_exo_2_fastq/sample_DLD1_exo_2_fastq.clipped.trimmed.fastq.gz | fastq_quality_filter -v -Q33 -p 80 -q 20 > /scratch/wbJob-runExceRpt-CMGr28-1277/sample_DLD1_exo_2_fastq/sample_DLD1_exo_2_fastq.clipped.trimmed.filtered.tmp

Quality cut-off: 20
Minimum percentage: 80
Input: 3709523 reads.
Output: 3512217 reads.
discarded 197306 (5%) low-quality reads.
2016-10-17--19:00:47 exceRpt_smallRNA: Finished filtering reads by base quality

======================

2016-10-17--19:00:47 exceRpt_smallRNA: Filtering homopolymer repeat reads:

2016-10-17--19:00:47 exceRpt_smallRNA: java -Xmx30G -jar /opt/exceRptPipeline/4_prod/exceRpt_Tools.jar RemoveHomopolymerRepeats -m 0.66 -i /scratch/wbJob-runExceRpt-CMGr28-1277/sample_DLD1_exo_2_fastq/sample_DLD1_exo_2_fastq.clipped.trimmed.filtered.tmp -o /scratch/wbJob-runExceRpt-CMGr28-1277/sample_DLD1_exo_2_fastq/sample_DLD1_exo_2_fastq.clipped.trimmed.filtered.fastq


Done.  Sequences removed=3078
2016-10-17--19:01:33 exceRpt_smallRNA: Finished filtering homopolymer repeat reads

======================
2016-10-17--19:01:33 exceRpt_smallRNA: Calculating length distribution of clipped reads:

2016-10-17--19:01:33 exceRpt_smallRNA: java -Xmx30G -jar /opt/exceRptPipeline/4_prod/exceRpt_Tools.jar GetSequenceLengths /scratch/wbJob-runExceRpt-CMGr28-1277/sample_DLD1_exo_2_fastq/sample_DLD1_exo_2_fastq.clipped.trimmed.filtered.fastq > /scratch/wbJob-runExceRpt-CMGr28-1277/sample_DLD1_exo_2_fastq/sample_DLD1_exo_2_fastq.clipped.trimmed.filtered.readLengths.txt 2>> /scratch/wbJob-runExceRpt-CMGr28-1277/sample_DLD1_exo_2_fastq.err

2016-10-17--19:01:41 exceRpt_smallRNA: Finished calculating read-lengths

======================
2016-10-17--19:01:41 exceRpt_smallRNA: Running FastQC on clipped reads:

2016-10-17--19:01:41 exceRpt_smallRNA: java -classpath /opt/FastQC/0.11.2:/opt/FastQC/0.11.2/sam-1.103.jar:/opt/FastQC/0.11.2/jbzip2-0.9.jar -Xmx30G -Dfastqc.threads=8 -Dfastqc.unzip=false -Dfastqc.output_dir=/scratch/wbJob-runExceRpt-CMGr28-1277/sample_DLD1_exo_2_fastq/ uk/ac/bbsrc/babraham/FastQC/FastQCApplication /scratch/wbJob-runExceRpt-CMGr28-1277/sample_DLD1_exo_2_fastq/sample_DLD1_exo_2_fastq.clipped.trimmed.filtered.fastq.gz >> /scratch/wbJob-runExceRpt-CMGr28-1277/sample_DLD1_exo_2_fastq.log 2>> /scratch/wbJob-runExceRpt-CMGr28-1277/sample_DLD1_exo_2_fastq.err

Analysis complete for sample_DLD1_exo_2_fastq.clipped.trimmed.filtered.fastq.gz
2016-10-17--19:02:03 exceRpt_smallRNA: Finished running FastQC

======================

2016-10-17--19:02:03 exceRpt_smallRNA: No calibrator sequences
 
2016-10-17--19:02:03 exceRpt_smallRNA: 
2016-10-17--19:02:03 exceRpt_smallRNA: Moving on to UniVec and rRNA sequences

======================

2016-10-17--19:02:03 exceRpt_smallRNA: Mapping reads to contaminant sequences in UniVec using STAR:

2016-10-17--19:02:03 exceRpt_smallRNA: STAR --runThreadN 8 --outFileNamePrefix /scratch/wbJob-runExceRpt-CMGr28-1277/sample_DLD1_exo_2_fastq/filteringAlignments_UniVec_ --genomeDir /opt/exceRptPipeline/4_prod/exceRptDB_v4/DATABASE/UniVec/STAR_INDEX_UniVec --readFilesIn /scratch/wbJob-runExceRpt-CMGr28-1277/sample_DLD1_exo_2_fastq/sample_DLD1_exo_2_fastq.clipped.trimmed.filtered.fastq.gz --outReadsUnmapped Fastx --parametersFiles /opt/exceRptPipeline/4_prod/exceRptDB_v4/DATABASE/STAR_Parameters_Endogenous_smallRNA.in --alignEndsType Local --outFilterMatchNmin 18 --outFilterMatchNminOverLread 0.9 --outFilterMismatchNmax 1 --outFilterMismatchNoverLmax 0.3  >> /scratch/wbJob-runExceRpt-CMGr28-1277/sample_DLD1_exo_2_fastq.log 2>> /scratch/wbJob-runExceRpt-CMGr28-1277/sample_DLD1_exo_2_fastq.err; samtools view /scratch/wbJob-runExceRpt-CMGr28-1277/sample_DLD1_exo_2_fastq/filteringAlignments_UniVec_Aligned.out.bam | awk '{print }' | sort -k 2,2 2>> /scratch/wbJob-runExceRpt-CMGr28-1277/sample_DLD1_exo_2_fastq.err | uniq --count > /scratch/wbJob-runExceRpt-CMGr28-1277/sample_DLD1_exo_2_fastq/sample_DLD1_exo_2_fastq.clipped.trimmed.filtered.uniVecContaminants.counts 2>> /scratch/wbJob-runExceRpt-CMGr28-1277/sample_DLD1_exo_2_fastq.err; samtools view /scratch/wbJob-runExceRpt-CMGr28-1277/sample_DLD1_exo_2_fastq/filteringAlignments_UniVec_Aligned.out.bam | awk '{print }' | sort 2>> /scratch/wbJob-runExceRpt-CMGr28-1277/sample_DLD1_exo_2_fastq.err | uniq -c | wc -l > /scratch/wbJob-runExceRpt-CMGr28-1277/sample_DLD1_exo_2_fastq/sample_DLD1_exo_2_fastq.clipped.trimmed.filtered.uniVecContaminants.readCount 2>> /scratch/wbJob-runExceRpt-CMGr28-1277/sample_DLD1_exo_2_fastq.err; gzip -c /scratch/wbJob-runExceRpt-CMGr28-1277/sample_DLD1_exo_2_fastq/filteringAlignments_UniVec_Unmapped.out.mate1 > /scratch/wbJob-runExceRpt-CMGr28-1277/sample_DLD1_exo_2_fastq/sample_DLD1_exo_2_fastq.clipped.trimmed.filtered.noUniVecContaminants.fastq.gz; rm /scratch/wbJob-runExceRpt-CMGr28-1277/sample_DLD1_exo_2_fastq/filteringAlignments_UniVec_Unmapped.out.mate1

Oct 17 19:02:03 ..... Started STAR run
Oct 17 19:02:03 ..... Loading genome
Oct 17 19:02:03 ..... Started mapping
Oct 17 19:02:31 ..... Finished successfully
2016-10-17--19:03:02 exceRpt_smallRNA: Finished mapping to the UniVec contaminant DB

======================

2016-10-17--19:03:02 exceRpt_smallRNA: Mapping reads to ribosomal RNA sequences using STAR:

2016-10-17--19:03:02 exceRpt_smallRNA: STAR --runThreadN 8 --outFileNamePrefix /scratch/wbJob-runExceRpt-CMGr28-1277/sample_DLD1_exo_2_fastq/filteringAlignments_rRNA_ --genomeDir /opt/exceRptPipeline/4_prod/exceRptDB_v4/DATABASE/hg19/STAR_INDEX_rRNA --readFilesIn /scratch/wbJob-runExceRpt-CMGr28-1277/sample_DLD1_exo_2_fastq/sample_DLD1_exo_2_fastq.clipped.trimmed.filtered.noUniVecContaminants.fastq.gz --outReadsUnmapped Fastx --parametersFiles /opt/exceRptPipeline/4_prod/exceRptDB_v4/DATABASE/STAR_Parameters_Endogenous_smallRNA.in --alignEndsType Local --outFilterMatchNmin 18 --outFilterMatchNminOverLread 0.9 --outFilterMismatchNmax 1 --outFilterMismatchNoverLmax 0.3  >> /scratch/wbJob-runExceRpt-CMGr28-1277/sample_DLD1_exo_2_fastq.log 2>> /scratch/wbJob-runExceRpt-CMGr28-1277/sample_DLD1_exo_2_fastq.err; samtools view /scratch/wbJob-runExceRpt-CMGr28-1277/sample_DLD1_exo_2_fastq/filteringAlignments_rRNA_Aligned.out.bam | awk '{print }' | sort -k 2,2 2>> /scratch/wbJob-runExceRpt-CMGr28-1277/sample_DLD1_exo_2_fastq.err | uniq -c > /scratch/wbJob-runExceRpt-CMGr28-1277/sample_DLD1_exo_2_fastq/sample_DLD1_exo_2_fastq.clipped.trimmed.filtered.rRNA.counts 2>> /scratch/wbJob-runExceRpt-CMGr28-1277/sample_DLD1_exo_2_fastq.err; samtools view /scratch/wbJob-runExceRpt-CMGr28-1277/sample_DLD1_exo_2_fastq/filteringAlignments_rRNA_Aligned.out.bam | awk '{print }' | sort 2>> /scratch/wbJob-runExceRpt-CMGr28-1277/sample_DLD1_exo_2_fastq.err | uniq -c | wc -l > /scratch/wbJob-runExceRpt-CMGr28-1277/sample_DLD1_exo_2_fastq/sample_DLD1_exo_2_fastq.clipped.trimmed.filtered.rRNA.readCount 2>> /scratch/wbJob-runExceRpt-CMGr28-1277/sample_DLD1_exo_2_fastq.err; gzip -c /scratch/wbJob-runExceRpt-CMGr28-1277/sample_DLD1_exo_2_fastq/filteringAlignments_rRNA_Unmapped.out.mate1 > /scratch/wbJob-runExceRpt-CMGr28-1277/sample_DLD1_exo_2_fastq/sample_DLD1_exo_2_fastq.clipped.trimmed.filtered.noRiboRNA.fastq.gz; rm /scratch/wbJob-runExceRpt-CMGr28-1277/sample_DLD1_exo_2_fastq/filteringAlignments_rRNA_Unmapped.out.mate1

Oct 17 19:03:02 ..... Started STAR run
Oct 17 19:03:02 ..... Loading genome
Oct 17 19:03:02 ..... Started mapping
Oct 17 19:03:35 ..... Finished successfully
2016-10-17--19:04:32 exceRpt_smallRNA: Finished mapping to the rRNAs

======================
2016-10-17--19:04:32 exceRpt_smallRNA: Running FastQC on cleaned reads:

2016-10-17--19:04:32 exceRpt_smallRNA: java -classpath /opt/FastQC/0.11.2:/opt/FastQC/0.11.2/sam-1.103.jar:/opt/FastQC/0.11.2/jbzip2-0.9.jar -Xmx30G -Dfastqc.threads=8 -Dfastqc.unzip=false -Dfastqc.output_dir=/scratch/wbJob-runExceRpt-CMGr28-1277/sample_DLD1_exo_2_fastq/ uk/ac/bbsrc/babraham/FastQC/FastQCApplication /scratch/wbJob-runExceRpt-CMGr28-1277/sample_DLD1_exo_2_fastq/sample_DLD1_exo_2_fastq.clipped.trimmed.filtered.noRiboRNA.fastq.gz >> /scratch/wbJob-runExceRpt-CMGr28-1277/sample_DLD1_exo_2_fastq.log 2>> /scratch/wbJob-runExceRpt-CMGr28-1277/sample_DLD1_exo_2_fastq.err

Analysis complete for sample_DLD1_exo_2_fastq.clipped.trimmed.filtered.noRiboRNA.fastq.gz
2016-10-17--19:04:43 exceRpt_smallRNA: Finished running FastQC

======================

2016-10-17--19:04:43 exceRpt_smallRNA: Mapping reads to the genome of the primary organism:

2016-10-17--19:04:43 exceRpt_smallRNA: STAR --runThreadN 8 --outFileNamePrefix /scratch/wbJob-runExceRpt-CMGr28-1277/sample_DLD1_exo_2_fastq/endogenousAlignments_genome_ --genomeDir /opt/exceRptPipeline/4_prod/exceRptDB_v4/DATABASE/hg19/STAR_INDEX_genome --readFilesIn /scratch/wbJob-runExceRpt-CMGr28-1277/sample_DLD1_exo_2_fastq/sample_DLD1_exo_2_fastq.clipped.trimmed.filtered.noRiboRNA.fastq.gz --outReadsUnmapped Fastx --parametersFiles /opt/exceRptPipeline/4_prod/exceRptDB_v4/DATABASE/STAR_Parameters_Endogenous_smallRNA.in --alignEndsType Local --outFilterMatchNmin 18 --outFilterMatchNminOverLread 0.9 --outFilterMismatchNmax 1 --outFilterMismatchNoverLmax 0.3  >> /scratch/wbJob-runExceRpt-CMGr28-1277/sample_DLD1_exo_2_fastq.log 2>> /scratch/wbJob-runExceRpt-CMGr28-1277/sample_DLD1_exo_2_fastq.err

Oct 17 19:04:43 ..... Started STAR run
Oct 17 19:04:43 ..... Loading genome
Oct 17 19:07:27 ..... Started mapping
Oct 17 19:07:59 ..... Finished successfully
2016-10-17--19:07:59 exceRpt_smallRNA: Finished mapping to the genome of the primary organism

======================

2016-10-17--19:08:01 exceRpt_smallRNA: Mapping genome-aligned reads to the transcriptome of the primary organism:

2016-10-17--19:08:01 exceRpt_smallRNA: STAR --runThreadN 8 --outFileNamePrefix /scratch/wbJob-runExceRpt-CMGr28-1277/sample_DLD1_exo_2_fastq/endogenousAlignments_genomeMapped_transcriptome_ --readFilesIn /scratch/wbJob-runExceRpt-CMGr28-1277/sample_DLD1_exo_2_fastq/endogenousAlignments_genome_Mapped.out.mate1 --genomeDir /opt/exceRptPipeline/4_prod/exceRptDB_v4/DATABASE/hg19/STAR_INDEX_transcriptome --parametersFiles /opt/exceRptPipeline/4_prod/exceRptDB_v4/DATABASE/STAR_Parameters_Endogenous_smallRNA.in --alignEndsType Local --outFilterMatchNmin 18 --outFilterMatchNminOverLread 0.9 --outFilterMismatchNmax 1 --outFilterMismatchNoverLmax 0.3  --readFilesCommand - >> /scratch/wbJob-runExceRpt-CMGr28-1277/sample_DLD1_exo_2_fastq.log 2>> /scratch/wbJob-runExceRpt-CMGr28-1277/sample_DLD1_exo_2_fastq.err

Oct 17 19:08:01 ..... Started STAR run
Oct 17 19:08:01 ..... Loading genome
Oct 17 19:08:55 ..... Started mapping
Oct 17 19:09:45 ..... Finished successfully
2016-10-17--19:09:45 exceRpt_smallRNA: Finished mapping genome-aligned reads to the transcriptome of the primary organism

2016-10-17--19:09:46 exceRpt_smallRNA: Mapping genome-unaligned reads to the transcriptome of the primary organism:

2016-10-17--19:09:46 exceRpt_smallRNA: STAR --runThreadN 8 --outFileNamePrefix /scratch/wbJob-runExceRpt-CMGr28-1277/sample_DLD1_exo_2_fastq/endogenousAlignments_genomeUnmapped_transcriptome_ --readFilesIn /scratch/wbJob-runExceRpt-CMGr28-1277/sample_DLD1_exo_2_fastq/endogenousAlignments_genome_Unmapped.out.mate1 --outReadsUnmapped Fastx --genomeDir /opt/exceRptPipeline/4_prod/exceRptDB_v4/DATABASE/hg19/STAR_INDEX_transcriptome --parametersFiles /opt/exceRptPipeline/4_prod/exceRptDB_v4/DATABASE/STAR_Parameters_Endogenous_smallRNA.in --alignEndsType Local --outFilterMatchNmin 18 --outFilterMatchNminOverLread 0.9 --outFilterMismatchNmax 1 --outFilterMismatchNoverLmax 0.3  --readFilesCommand - >> /scratch/wbJob-runExceRpt-CMGr28-1277/sample_DLD1_exo_2_fastq.log 2>> /scratch/wbJob-runExceRpt-CMGr28-1277/sample_DLD1_exo_2_fastq.err

Oct 17 19:09:46 ..... Started STAR run
Oct 17 19:09:46 ..... Loading genome
Oct 17 19:09:48 ..... Started mapping
Oct 17 19:10:51 ..... Finished successfully
2016-10-17--19:10:51 exceRpt_smallRNA: Finished mapping genome-unaligned reads to the transcriptome of the primary organism

======================

2016-10-17--19:11:03 exceRpt_smallRNA: Performing CIGAR QC on endogenous genome alignments:

2016-10-17--19:11:03 exceRpt_smallRNA: java -Xmx30G -jar /opt/exceRptPipeline/4_prod/exceRpt_Tools.jar CIGAR_2_PWM -f /scratch/wbJob-runExceRpt-CMGr28-1277/sample_DLD1_exo_2_fastq/endogenousAlignments_genome_Aligned.out.bam > /scratch/wbJob-runExceRpt-CMGr28-1277/sample_DLD1_exo_2_fastq/endogenousAlignments_genome_Aligned.out.bam.CIGARstats.txt 2>> /scratch/wbJob-runExceRpt-CMGr28-1277/sample_DLD1_exo_2_fastq.log
2016/10/17 19:11:10  SAM records read = 555687
2016/10/17 19:11:10  max observed read length = 50
2016-10-17--19:11:11 exceRpt_smallRNA: Finished performing CIGAR QC on endogenous genome alignments

2016-10-17--19:11:11 exceRpt_smallRNA: Sorting endogenous transcriptome alignments:

2016-10-17--19:11:11 exceRpt_smallRNA: samtools sort -n -@ 8 -m 2G -O bam -T /scratch/wbJob-runExceRpt-CMGr28-1277/sample_DLD1_exo_2_fastq/tmp /scratch/wbJob-runExceRpt-CMGr28-1277/sample_DLD1_exo_2_fastq/endogenousAlignments_genomeMapped_transcriptome_Aligned.out.bam > /scratch/wbJob-runExceRpt-CMGr28-1277/sample_DLD1_exo_2_fastq/endogenousAlignments_genomeMapped_transcriptome_Aligned.out.sorted.bam 2>> /scratch/wbJob-runExceRpt-CMGr28-1277/sample_DLD1_exo_2_fastq.log
2016-10-17--19:11:35 exceRpt_smallRNA: Finished sorting endogenous transcriptome alignments

2016-10-17--19:11:35 exceRpt_smallRNA: Performing read-coverage QC on endogenous transcriptome alignments:

2016-10-17--19:11:35 exceRpt_smallRNA: java -Xmx30G -jar /opt/exceRptPipeline/4_prod/exceRpt_Tools.jar ReadCoverage -exceRpt -a /opt/exceRptPipeline/4_prod/exceRptDB_v4/DATABASE/hg19/gencodeAnnotation.gtf -f /scratch/wbJob-runExceRpt-CMGr28-1277/sample_DLD1_exo_2_fastq/endogenousAlignments_genomeMapped_transcriptome_Aligned.out.sorted.bam 2>> /scratch/wbJob-runExceRpt-CMGr28-1277/sample_DLD1_exo_2_fastq.log
2016/10/17 19:11:35  Reading GTF file...
2016/10/17 19:13:00  Done - Read 2619444 GTF entries corresponding to 57820 genes and 196520 transcripts
2016/10/17 19:13:01  Average annotated lengths:  5'UTR=136.0  CDS=699  3'UTR=303.0
2016/10/17 19:13:01  nBins:  5'UTR=23  CDS=124  3'UTR=53
2016/10/17 19:13:05  Reading reference sequences (transcripts)...
2016/10/17 19:13:12  N reference sequences (transcripts): 224730
2016/10/17 19:13:12  Adding read alignments...
2016/10/17 19:13:32  Writing read bins...
2016/10/17 19:13:40  Done
2016-10-17--19:13:41 exceRpt_smallRNA: Finished performing read-coverage QC on endogenous transcriptome alignments

======================

2016-10-17--19:13:41 exceRpt_smallRNA: Assigning and sorting reads:

2016-10-17--19:13:41 exceRpt_smallRNA: java -Xmx30G -jar /opt/exceRptPipeline/4_prod/exceRpt_Tools.jar ProcessEndogenousAlignments --libPriority miRNA,tRNA,piRNA,gencode,circRNA --genomeMappedReads /scratch/wbJob-runExceRpt-CMGr28-1277/sample_DLD1_exo_2_fastq/endogenousAlignments_genomeMapped_transcriptome_Aligned.out.bam --transcriptomeMappedReads /scratch/wbJob-runExceRpt-CMGr28-1277/sample_DLD1_exo_2_fastq/endogenousAlignments_genomeUnmapped_transcriptome_Aligned.out.bam --hairpin2genome /opt/exceRptPipeline/4_prod/exceRptDB_v4/DATABASE/hg19/miRNA_precursor2genome.sam --mature2hairpin /opt/exceRptPipeline/4_prod/exceRptDB_v4/DATABASE/hg19/miRNA_mature2precursor.sam --dict /scratch/wbJob-runExceRpt-CMGr28-1277/sample_DLD1_exo_2_fastq/endogenousAlignments_Accepted.dict 2>> /scratch/wbJob-runExceRpt-CMGr28-1277/sample_DLD1_exo_2_fastq.log | sort -k 2,2 -k 1,1 > /scratch/wbJob-runExceRpt-CMGr28-1277/sample_DLD1_exo_2_fastq/endogenousAlignments_Accepted.txt

2016/10/17 19:13:41 Using default library priorities: miRNA > tRNA > piRNA > gencode > circRNA
2016/10/17 19:13:41 Reading miRNA annotation info
2016/10/17 19:13:41 Processing RNA-seq alignments
2016/10/17 19:13:41 Processing transcriptome alignments for genome-mapped reads...
2016/10/17 19:14:10 Processing transcriptome alignments for genome-UNmapped reads...
2016/10/17 19:14:14 Done!
2016-10-17--19:14:15 exceRpt_smallRNA: Finished assigning and sorting reads

2016-10-17--19:14:15 exceRpt_smallRNA: If requested, downsampling to NULL transcriptome alignments:

2016-10-17--19:14:15 exceRpt_smallRNA: 

2016-10-17--19:14:15 exceRpt_smallRNA: Finished downsampling transcriptome alignments

2016-10-17--19:14:15 exceRpt_smallRNA: Quantifying:

2016-10-17--19:14:15 exceRpt_smallRNA: java -Xmx30G -jar /opt/exceRptPipeline/4_prod/exceRpt_Tools.jar QuantifyEndogenousAlignments --dict /scratch/wbJob-runExceRpt-CMGr28-1277/sample_DLD1_exo_2_fastq/endogenousAlignments_Accepted.dict --acceptedAlignments /scratch/wbJob-runExceRpt-CMGr28-1277/sample_DLD1_exo_2_fastq/endogenousAlignments_Accepted.txt --outputPath /scratch/wbJob-runExceRpt-CMGr28-1277/sample_DLD1_exo_2_fastq

2016/10/17 19:14:15 Reading alignments in: /scratch/wbJob-runExceRpt-CMGr28-1277/sample_DLD1_exo_2_fastq/endogenousAlignments_Accepted.txt
2016/10/17 19:14:15 Using alignment dictionary: /scratch/wbJob-runExceRpt-CMGr28-1277/sample_DLD1_exo_2_fastq/endogenousAlignments_Accepted.dict
2016/10/17 19:14:15 Writing results to: /scratch/wbJob-runExceRpt-CMGr28-1277/sample_DLD1_exo_2_fastq
2016/10/17 19:14:15 Reading alignment dictionary...
2016/10/17 19:14:15 Reading alignments...
2016/10/17 19:14:19  - Read alignments for 54648 insert sequences
2016/10/17 19:14:19 Writing read counts...
2016/10/17 19:14:20 Done!
======================

2016-10-17--19:14:22 exceRpt_smallRNA: Mapping reads to repetitive elements in the host genome:

2016-10-17--19:14:22 exceRpt_smallRNA: STAR --runThreadN 8 --outFileNamePrefix /scratch/wbJob-runExceRpt-CMGr28-1277/sample_DLD1_exo_2_fastq/endogenousAlignments_repetitiveElements_ --genomeDir /opt/exceRptPipeline/4_prod/exceRptDB_v4/DATABASE/hg19/STAR_INDEX_repetitiveElements --readFilesIn /scratch/wbJob-runExceRpt-CMGr28-1277/sample_DLD1_exo_2_fastq/endogenousAlignments_genomeUnmapped_transcriptome_Unmapped.R1.fastq.gz --outReadsUnmapped Fastx --parametersFiles /opt/exceRptPipeline/4_prod/exceRptDB_v4/DATABASE/STAR_Parameters_Endogenous_smallRNA.in --alignEndsType Local --outFilterMatchNmin 18 --outFilterMatchNminOverLread 0.9 --outFilterMismatchNmax 1 --outFilterMismatchNoverLmax 0.3  >> /scratch/wbJob-runExceRpt-CMGr28-1277/sample_DLD1_exo_2_fastq.log 2>> /scratch/wbJob-runExceRpt-CMGr28-1277/sample_DLD1_exo_2_fastq.err

Oct 17 19:14:22 ..... Started STAR run
Oct 17 19:14:22 ..... Loading genome
Oct 17 19:16:44 ..... Started mapping
Oct 17 20:11:23 ..... Finished successfully
2016-10-17--20:11:23 exceRpt_smallRNA: Finished mapping to repetitive elements in the host genome

======================

2016-10-17--20:11:36 exceRpt_smallRNA: Aligning remaining reads to the genome allowing gaps 

2016-10-17--20:11:36 exceRpt_smallRNA: STAR --runThreadN 8 --outFileNamePrefix /scratch/wbJob-runExceRpt-CMGr28-1277/sample_DLD1_exo_2_fastq/endogenousAlignments_genomeGapped_ --alignIntronMax 0 --alignIntronMin 21 --genomeDir /opt/exceRptPipeline/4_prod/exceRptDB_v4/DATABASE/hg19/STAR_INDEX_genome --readFilesIn /scratch/wbJob-runExceRpt-CMGr28-1277/sample_DLD1_exo_2_fastq/endogenousAlignments_repetitiveElements_Unmapped.R1.fastq.gz --outReadsUnmapped Fastx --parametersFiles /opt/exceRptPipeline/4_prod/exceRptDB_v4/DATABASE/STAR_Parameters_Endogenous_smallRNA.in --alignEndsType Local --outFilterMatchNmin 18 --outFilterMatchNminOverLread 0.9 --outFilterMismatchNmax 1 --outFilterMismatchNoverLmax 0.3  >> /scratch/wbJob-runExceRpt-CMGr28-1277/sample_DLD1_exo_2_fastq.log 2>> /scratch/wbJob-runExceRpt-CMGr28-1277/sample_DLD1_exo_2_fastq.err

Oct 17 20:11:36 ..... Started STAR run
Oct 17 20:11:36 ..... Loading genome
Oct 17 20:11:50 ..... Started mapping
Oct 17 20:12:21 ..... Finished successfully
2016-10-17--20:12:21 exceRpt_smallRNA: Finished aligning remaining reads to the genome allowing gaps

======================

2016-10-17--20:12:31 exceRpt_smallRNA: Mapping reads to all miRNAs in miRBase:

2016-10-17--20:12:31 exceRpt_smallRNA: STAR --runThreadN 8 --outFileNamePrefix /scratch/wbJob-runExceRpt-CMGr28-1277/sample_DLD1_exo_2_fastq/EXOGENOUS_miRNA/exogenous_miRBase_ --genomeDir /opt/exceRptPipeline/4_prod/exceRptDB_v4/DATABASE/miRBase/STAR_INDEX_miRBaseAll --readFilesIn /scratch/wbJob-runExceRpt-CMGr28-1277/sample_DLD1_exo_2_fastq/endogenousAlignments_genomeGapped_Unmapped.R1.fastq.gz --outReadsUnmapped Fastx --parametersFiles /opt/exceRptPipeline/4_prod/exceRptDB_v4/DATABASE/STAR_Parameters_Exogenous.in --outSAMtype BAM Unsorted --outSAMattributes Standard --alignEndsType EndToEnd --outFilterMatchNmin 18 --outFilterMatchNminOverLread 1.0 --outFilterMismatchNmax 0 --outFilterMismatchNoverLmax 0.3  >> /scratch/wbJob-runExceRpt-CMGr28-1277/sample_DLD1_exo_2_fastq.log 2>> /scratch/wbJob-runExceRpt-CMGr28-1277/sample_DLD1_exo_2_fastq.err

Oct 17 20:12:31 ..... Started STAR run
Oct 17 20:12:31 ..... Loading genome
Oct 17 20:12:31 ..... Started mapping
Oct 17 20:12:47 ..... Finished successfully
2016-10-17--20:12:47 exceRpt_smallRNA: Finished mapping to all miRNAs in miRBase

2016-10-17--20:12:56 exceRpt_smallRNA: Assigning reads:

2016/10/17 20:12:56 Using default library priorities: miRNA > tRNA > piRNA > gencode > circRNA
2016/10/17 20:12:56 Reading miRNA annotation info
2016/10/17 20:13:02 Processing RNA-seq alignments
2016/10/17 20:13:02 Processing transcriptome alignments for genome-UNmapped reads...
2016/10/17 20:13:03 Done!
2016/10/17 20:13:03 Reading alignments in: /scratch/wbJob-runExceRpt-CMGr28-1277/sample_DLD1_exo_2_fastq/EXOGENOUS_miRNA/exogenousAlignments_Accepted.txt
2016/10/17 20:13:03 Using alignment dictionary: /scratch/wbJob-runExceRpt-CMGr28-1277/sample_DLD1_exo_2_fastq/EXOGENOUS_miRNA/exogenousAlignments_Accepted.dict
2016/10/17 20:13:03 Writing results to: /scratch/wbJob-runExceRpt-CMGr28-1277/sample_DLD1_exo_2_fastq/EXOGENOUS_miRNA
2016/10/17 20:13:03 Reading alignment dictionary...
2016/10/17 20:13:03 Reading alignments...
2016/10/17 20:13:03  - Read alignments for 82 insert sequences
2016/10/17 20:13:03 Writing read counts...
2016/10/17 20:13:03 Done!
2016-10-17--20:13:03 exceRpt_smallRNA: Finished assigning reads

======================

2016-10-17--20:13:03 exceRpt_smallRNA: Mapping reads to rRNA sequences in RDP (a.k.a. ribosome DB):

2016-10-17--20:13:03 exceRpt_smallRNA: STAR --runThreadN 8 --outFileNamePrefix /scratch/wbJob-runExceRpt-CMGr28-1277/sample_DLD1_exo_2_fastq/EXOGENOUS_rRNA/exogenous_rRNA_ --genomeDir /opt/exceRptPipeline/4_prod/exceRptDB_v4/DATABASE/ribosomeDatabase/exogenous_rRNAs --readFilesIn /scratch/wbJob-runExceRpt-CMGr28-1277/sample_DLD1_exo_2_fastq/EXOGENOUS_miRNA/exogenous_miRBase_Unmapped.R1.fastq.gz --outReadsUnmapped Fastx --parametersFiles /opt/STAR/2.4.2a/indexes/STAR_Parameters_Exogenous.in --outSAMtype BAM Unsorted --outSAMattributes Standard --alignEndsType EndToEnd --outFilterMatchNmin 18 --outFilterMatchNminOverLread 1.0 --outFilterMismatchNmax 0 --outFilterMismatchNoverLmax 0.3  >> /scratch/wbJob-runExceRpt-CMGr28-1277/sample_DLD1_exo_2_fastq.log

Oct 17 20:13:03 ..... Started STAR run
Oct 17 20:13:03 ..... Loading genome
Oct 17 20:23:01 ..... Started mapping
Oct 17 20:56:10 ..... Finished successfully
2016-10-17--20:56:18 exceRpt_smallRNA: Finished mapping to rRNA sequences in RDP

======================

2016-10-17--20:56:18 exceRpt_smallRNA: Resolving and quantifying rRNA alignments


2016-10-17--20:56:18 exceRpt_smallRNA: samtools view /scratch/wbJob-runExceRpt-CMGr28-1277/sample_DLD1_exo_2_fastq/EXOGENOUS_rRNA/exogenous_rRNA_Aligned.out.bam | awk '{print ,,,,0}' | sort -k 1,1 -k 2,2 | uniq > /scratch/wbJob-runExceRpt-CMGr28-1277/sample_DLD1_exo_2_fastq/EXOGENOUS_rRNA/ExogenousRibosomalAlignments.txt 2>> /scratch/wbJob-runExceRpt-CMGr28-1277/sample_DLD1_exo_2_fastq.log


2016-10-17--20:56:34 exceRpt_smallRNA: java -Xmx30G -jar /opt/exceRptPipeline/4_prod/exceRpt_Tools.jar ProcessExogenousAlignments -taxonomyPath /opt/exceRptPipeline/4_prod/exceRptDB_v4/DATABASE/NCBI_taxonomy_taxdump -min 0.001 -frac 0.95 --minReads 3 -batchSize 20000 -alignments /scratch/wbJob-runExceRpt-CMGr28-1277/sample_DLD1_exo_2_fastq/EXOGENOUS_rRNA/ExogenousRibosomalAlignments.txt --rdp > /scratch/wbJob-runExceRpt-CMGr28-1277/sample_DLD1_exo_2_fastq/EXOGENOUS_rRNA/ExogenousRibosomalAlignments.tmp 2>> /scratch/wbJob-runExceRpt-CMGr28-1277/sample_DLD1_exo_2_fastq.log

2016/10/17 20:56:34  Summarising alignments in: '/scratch/wbJob-runExceRpt-CMGr28-1277/sample_DLD1_exo_2_fastq/EXOGENOUS_rRNA/ExogenousRibosomalAlignments.txt'
2016/10/17 20:56:34              in batches of: 20000 reads
2016/10/17 20:56:34          using taxonomy in: '/opt/exceRptPipeline/4_prod/exceRptDB_v4/DATABASE/NCBI_taxonomy_taxdump', minFraction=0.95, top-down:false, for alignments above 0.0010% of total reads
2016/10/17 20:56:34  Reading taxonomy: node names
2016/10/17 20:56:48  Reading taxonomy: node hierarchy
2016/10/17 20:56:52  Reading alignments...
2016/10/17 20:58:23  Processing alignments in batch 1
2016/10/17 20:58:23   - Detected 511226 possible species from 20000 aligned reads (minReads=0)
2016/10/17 21:01:53   - Done. Suppressed 0 total reads (0.0% of input reads) due to minimum read requirement.
2016/10/17 21:01:53  Reading alignments...
2016/10/17 21:03:08  Processing alignments in batch 2
2016/10/17 21:03:08   - Detected 509684 possible species from 20000 aligned reads (minReads=0)
2016/10/17 21:06:34   - Done. Suppressed 0 total reads (0.0% of input reads) due to minimum read requirement.
2016/10/17 21:06:34  Reading alignments...
2016/10/17 21:07:44  Processing alignments in batch 3
2016/10/17 21:07:44   - Detected 447375 possible species from 20000 aligned reads (minReads=0)
2016/10/17 21:11:31   - Done. Suppressed 0 total reads (0.0% of input reads) due to minimum read requirement.
2016/10/17 21:11:31  Reading alignments...
2016/10/17 21:12:42  Processing alignments in batch 4
2016/10/17 21:12:42   - Detected 434723 possible species from 20000 aligned reads (minReads=0)
2016/10/17 21:16:26   - Done. Suppressed 0 total reads (0.0% of input reads) due to minimum read requirement.
2016/10/17 21:16:26  Reading alignments...
2016/10/17 21:17:47  Processing alignments in batch 5
2016/10/17 21:17:47   - Detected 434885 possible species from 20000 aligned reads (minReads=0)
2016/10/17 21:21:52   - Done. Suppressed 0 total reads (0.0% of input reads) due to minimum read requirement.
2016/10/17 21:21:52  Reading alignments...
2016/10/17 21:23:16  Processing alignments in batch 6
2016/10/17 21:23:16   - Detected 441208 possible species from 20000 aligned reads (minReads=0)
2016/10/17 21:27:15   - Done. Suppressed 0 total reads (0.0% of input reads) due to minimum read requirement.
2016/10/17 21:27:15  Reading alignments...
2016/10/17 21:28:35  Processing alignments in batch 7
2016/10/17 21:28:35   - Detected 417524 possible species from 20000 aligned reads (minReads=0)
2016/10/17 21:32:41   - Done. Suppressed 0 total reads (0.0% of input reads) due to minimum read requirement.
2016/10/17 21:32:41  Reading alignments...
2016/10/17 21:33:53  Processing alignments in batch 8
2016/10/17 21:33:53   - Detected 437611 possible species from 15050 aligned reads (minReads=0)
2016/10/17 21:37:13   - Done. Suppressed 0 total reads (0.0% of input reads) due to minimum read requirement.
2016/10/17 21:37:13  Reading alignments...
2016/10/17 21:37:13  Quantifying
2016/10/17 21:37:14  Done
2016-10-17--21:37:14 exceRpt_smallRNA: Finished resolving and quantifying rRNA alignments

2016-10-17--21:37:14 exceRpt_smallRNA: END smallRNA-seq Pipeline for sample sample_DLD1_exo_2_fastq
======================

