2016-10-17--20:38:42 exceRpt_smallRNA: BEGIN exceRpt smallRNA-seq pipeline v.4.6.2 for sample sample_DKS8_cell_1_fastq
======================

2016-10-17--20:38:42 exceRpt_smallRNA: Created results dir: /scratch/wbJob-runExceRpt-KUoS49-8036/sample_DKS8_cell_1_fastq

======================

2016-10-17--20:38:42 exceRpt_smallRNA: Processing adapter sequence:

2016-10-17--20:38:42 exceRpt_smallRNA: echo AGATCGGAAGAGCACACGTCTGAACTCCAGTCAC > /scratch/wbJob-runExceRpt-KUoS49-8036/sample_DKS8_cell_1_fastq/sample_DKS8_cell_1_fastq.adapterSeq

======================

2016-10-17--20:38:42 exceRpt_smallRNA: Guessing encoding of fastq read-qualities:

2016-10-17--20:38:42 exceRpt_smallRNA: cat /scratch/wbJob-runExceRpt-KUoS49-8036/310b3269f6c23a5de4716dc1f0acc6e341f1b85c/DKS8.cell.1.fastq | head -n 40000 | awk '{if(NR%4==0) printf(%s,/bin/sh);}' | od -A n -t u1 | grep -v ^* | awk 'BEGIN{min=100;max=0;}{for(i=1;i<=NF;i++) {if(>max) max=; if(<min) min=;}}END{if(max<84) print 33; else print 64;}' > /scratch/wbJob-runExceRpt-KUoS49-8036/sample_DKS8_cell_1_fastq/sample_DKS8_cell_1_fastq.qualityEncoding

2016-10-17--20:38:42 exceRpt_smallRNA: Finished guessing encoding of fastq read-qualities:

======================

2016-10-17--20:38:42 exceRpt_smallRNA: Checking adapter against known sequences: cat /scratch/wbJob-runExceRpt-KUoS49-8036/310b3269f6c23a5de4716dc1f0acc6e341f1b85c/DKS8.cell.1.fastq 2>> /scratch/wbJob-runExceRpt-KUoS49-8036/sample_DKS8_cell_1_fastq.err | java -Xmx30G -jar /opt/exceRptPipeline/4_prod/exceRpt_Tools.jar FindAdapter -n 1000 -m 100000 -s 4 -a /opt/exceRptPipeline/4_prod/exceRptDB_v4/DATABASE/adapters/adapters.fa - > /scratch/wbJob-runExceRpt-KUoS49-8036/sample_DKS8_cell_1_fastq/sample_DKS8_cell_1_fastq.knownAdapterSeq 2>> /scratch/wbJob-runExceRpt-KUoS49-8036/sample_DKS8_cell_1_fastq.log

2016/10/17 20:38:43  Searching for best of 7 potential adapter sequences
2016/10/17 20:38:43  
2016/10/17 20:39:00  WARNING: Unable to determine the most likely adapter (after using ALL 100000 reads and requiring an avarage adapter alignment rate at >= 4.0nt)
2016/10/17 20:39:00  This average adapter alignment rate is too low: 1.478357146091529nt
2016/10/17 20:39:00  
======================

2016-10-17--20:39:00 exceRpt_smallRNA: Provided/guessed adapter sequence: AGATCGGAAGAGCACACGTCTGAACTCCAGTCAC
2016-10-17--20:39:00 exceRpt_smallRNA: 2016-10-17--20:39:00 exceRpt_smallRNA: Provided 3' adapter sequence. Removing 3' adapter sequence using fastX:

2016-10-17--20:39:00 exceRpt_smallRNA: cat /scratch/wbJob-runExceRpt-KUoS49-8036/310b3269f6c23a5de4716dc1f0acc6e341f1b85c/DKS8.cell.1.fastq > /scratch/wbJob-runExceRpt-KUoS49-8036/sample_DKS8_cell_1_fastq/sample_DKS8_cell_1_fastq.preClipped.fastq.tmp; fastx_clipper  -Q33 -a AGATCGGAAGAGCACACGTCTGAACTCCAGTCAC -l 18 -v -n -M 7 -i /scratch/wbJob-runExceRpt-KUoS49-8036/sample_DKS8_cell_1_fastq/sample_DKS8_cell_1_fastq.preClipped.fastq.tmp -z -o /scratch/wbJob-runExceRpt-KUoS49-8036/sample_DKS8_cell_1_fastq/sample_DKS8_cell_1_fastq.clipped.fastq.tmp.gz >> /scratch/wbJob-runExceRpt-KUoS49-8036/sample_DKS8_cell_1_fastq.log 2>> /scratch/wbJob-runExceRpt-KUoS49-8036/sample_DKS8_cell_1_fastq.err; rm /scratch/wbJob-runExceRpt-KUoS49-8036/sample_DKS8_cell_1_fastq/sample_DKS8_cell_1_fastq.preClipped.fastq.tmp

Clipping Adapter: AGATCGGAAGAGCACACGTCTGAACTCCAGTCAC
Min. Length: 18
Input: 62920619 reads.
Output: 43729440 reads.
discarded 18957734 too-short reads.
discarded 233445 adapter-only reads.
2016-10-17--21:26:44 exceRpt_smallRNA: Finished removing adapters

2016-10-17--21:26:44 exceRpt_smallRNA: Removing 0N random barcode:

2016-10-17--21:26:44 exceRpt_smallRNA: mv /scratch/wbJob-runExceRpt-KUoS49-8036/sample_DKS8_cell_1_fastq/sample_DKS8_cell_1_fastq.clipped.fastq.tmp.gz /scratch/wbJob-runExceRpt-KUoS49-8036/sample_DKS8_cell_1_fastq/sample_DKS8_cell_1_fastq.clipped.fastq.gz

2016-10-17--21:26:44 exceRpt_smallRNA: Finished removing random barcode

======================

2016-10-17--21:26:44 exceRpt_smallRNA: Trimming 0 bases from the 5' and 0 bases from the 3' of all reads:

2016-10-17--21:26:44 exceRpt_smallRNA: gunzip -c /scratch/wbJob-runExceRpt-KUoS49-8036/sample_DKS8_cell_1_fastq/sample_DKS8_cell_1_fastq.clipped.fastq.gz | java -Xmx30G -jar /opt/exceRptPipeline/4_prod/exceRpt_Tools.jar TrimFastq -5p 0 -3p 0 | gzip -c > /scratch/wbJob-runExceRpt-KUoS49-8036/sample_DKS8_cell_1_fastq/sample_DKS8_cell_1_fastq.clipped.trimmed.fastq.gz 2>>/scratch/wbJob-runExceRpt-KUoS49-8036/sample_DKS8_cell_1_fastq.log

2016-10-17--21:32:05 exceRpt_smallRNA: Finished trimming bases from the 5' and 3' end of all reads

======================

2016-10-17--21:32:05 exceRpt_smallRNA: Filtering reads by base quality:

2016-10-17--21:32:05 exceRpt_smallRNA: gunzip -c /scratch/wbJob-runExceRpt-KUoS49-8036/sample_DKS8_cell_1_fastq/sample_DKS8_cell_1_fastq.clipped.trimmed.fastq.gz | fastq_quality_filter -v -Q33 -p 80 -q 20 > /scratch/wbJob-runExceRpt-KUoS49-8036/sample_DKS8_cell_1_fastq/sample_DKS8_cell_1_fastq.clipped.trimmed.filtered.tmp

Quality cut-off: 20
Minimum percentage: 80
Input: 43729440 reads.
Output: 39031493 reads.
discarded 4697947 (10%) low-quality reads.
2016-10-17--21:35:51 exceRpt_smallRNA: Finished filtering reads by base quality

======================

2016-10-17--21:35:51 exceRpt_smallRNA: Filtering homopolymer repeat reads:

2016-10-17--21:35:51 exceRpt_smallRNA: java -Xmx30G -jar /opt/exceRptPipeline/4_prod/exceRpt_Tools.jar RemoveHomopolymerRepeats -m 0.66 -i /scratch/wbJob-runExceRpt-KUoS49-8036/sample_DKS8_cell_1_fastq/sample_DKS8_cell_1_fastq.clipped.trimmed.filtered.tmp -o /scratch/wbJob-runExceRpt-KUoS49-8036/sample_DKS8_cell_1_fastq/sample_DKS8_cell_1_fastq.clipped.trimmed.filtered.fastq


Done.  Sequences removed=50021
2016-10-17--21:42:17 exceRpt_smallRNA: Finished filtering homopolymer repeat reads

======================
2016-10-17--21:42:17 exceRpt_smallRNA: Calculating length distribution of clipped reads:

2016-10-17--21:42:17 exceRpt_smallRNA: java -Xmx30G -jar /opt/exceRptPipeline/4_prod/exceRpt_Tools.jar GetSequenceLengths /scratch/wbJob-runExceRpt-KUoS49-8036/sample_DKS8_cell_1_fastq/sample_DKS8_cell_1_fastq.clipped.trimmed.filtered.fastq > /scratch/wbJob-runExceRpt-KUoS49-8036/sample_DKS8_cell_1_fastq/sample_DKS8_cell_1_fastq.clipped.trimmed.filtered.readLengths.txt 2>> /scratch/wbJob-runExceRpt-KUoS49-8036/sample_DKS8_cell_1_fastq.err

2016-10-17--21:43:19 exceRpt_smallRNA: Finished calculating read-lengths

======================
2016-10-17--21:43:19 exceRpt_smallRNA: Running FastQC on clipped reads:

2016-10-17--21:43:19 exceRpt_smallRNA: java -classpath /opt/FastQC/0.11.2:/opt/FastQC/0.11.2/sam-1.103.jar:/opt/FastQC/0.11.2/jbzip2-0.9.jar -Xmx30G -Dfastqc.threads=8 -Dfastqc.unzip=false -Dfastqc.output_dir=/scratch/wbJob-runExceRpt-KUoS49-8036/sample_DKS8_cell_1_fastq/ uk/ac/bbsrc/babraham/FastQC/FastQCApplication /scratch/wbJob-runExceRpt-KUoS49-8036/sample_DKS8_cell_1_fastq/sample_DKS8_cell_1_fastq.clipped.trimmed.filtered.fastq.gz >> /scratch/wbJob-runExceRpt-KUoS49-8036/sample_DKS8_cell_1_fastq.log 2>> /scratch/wbJob-runExceRpt-KUoS49-8036/sample_DKS8_cell_1_fastq.err

Analysis complete for sample_DKS8_cell_1_fastq.clipped.trimmed.filtered.fastq.gz
2016-10-17--21:46:08 exceRpt_smallRNA: Finished running FastQC

======================

2016-10-17--21:46:08 exceRpt_smallRNA: No calibrator sequences
 
2016-10-17--21:46:08 exceRpt_smallRNA: 
2016-10-17--21:46:08 exceRpt_smallRNA: Moving on to UniVec and rRNA sequences

======================

2016-10-17--21:46:08 exceRpt_smallRNA: Mapping reads to contaminant sequences in UniVec using STAR:

2016-10-17--21:46:08 exceRpt_smallRNA: STAR --runThreadN 8 --outFileNamePrefix /scratch/wbJob-runExceRpt-KUoS49-8036/sample_DKS8_cell_1_fastq/filteringAlignments_UniVec_ --genomeDir /opt/exceRptPipeline/4_prod/exceRptDB_v4/DATABASE/UniVec/STAR_INDEX_UniVec --readFilesIn /scratch/wbJob-runExceRpt-KUoS49-8036/sample_DKS8_cell_1_fastq/sample_DKS8_cell_1_fastq.clipped.trimmed.filtered.fastq.gz --outReadsUnmapped Fastx --parametersFiles /opt/exceRptPipeline/4_prod/exceRptDB_v4/DATABASE/STAR_Parameters_Endogenous_smallRNA.in --alignEndsType Local --outFilterMatchNmin 18 --outFilterMatchNminOverLread 0.9 --outFilterMismatchNmax 1 --outFilterMismatchNoverLmax 0.3  >> /scratch/wbJob-runExceRpt-KUoS49-8036/sample_DKS8_cell_1_fastq.log 2>> /scratch/wbJob-runExceRpt-KUoS49-8036/sample_DKS8_cell_1_fastq.err; samtools view /scratch/wbJob-runExceRpt-KUoS49-8036/sample_DKS8_cell_1_fastq/filteringAlignments_UniVec_Aligned.out.bam | awk '{print }' | sort -k 2,2 2>> /scratch/wbJob-runExceRpt-KUoS49-8036/sample_DKS8_cell_1_fastq.err | uniq --count > /scratch/wbJob-runExceRpt-KUoS49-8036/sample_DKS8_cell_1_fastq/sample_DKS8_cell_1_fastq.clipped.trimmed.filtered.uniVecContaminants.counts 2>> /scratch/wbJob-runExceRpt-KUoS49-8036/sample_DKS8_cell_1_fastq.err; samtools view /scratch/wbJob-runExceRpt-KUoS49-8036/sample_DKS8_cell_1_fastq/filteringAlignments_UniVec_Aligned.out.bam | awk '{print }' | sort 2>> /scratch/wbJob-runExceRpt-KUoS49-8036/sample_DKS8_cell_1_fastq.err | uniq -c | wc -l > /scratch/wbJob-runExceRpt-KUoS49-8036/sample_DKS8_cell_1_fastq/sample_DKS8_cell_1_fastq.clipped.trimmed.filtered.uniVecContaminants.readCount 2>> /scratch/wbJob-runExceRpt-KUoS49-8036/sample_DKS8_cell_1_fastq.err; gzip -c /scratch/wbJob-runExceRpt-KUoS49-8036/sample_DKS8_cell_1_fastq/filteringAlignments_UniVec_Unmapped.out.mate1 > /scratch/wbJob-runExceRpt-KUoS49-8036/sample_DKS8_cell_1_fastq/sample_DKS8_cell_1_fastq.clipped.trimmed.filtered.noUniVecContaminants.fastq.gz; rm /scratch/wbJob-runExceRpt-KUoS49-8036/sample_DKS8_cell_1_fastq/filteringAlignments_UniVec_Unmapped.out.mate1

Oct 17 21:46:08 ..... Started STAR run
Oct 17 21:46:08 ..... Loading genome
Oct 17 21:46:08 ..... Started mapping
Oct 17 21:49:56 ..... Finished successfully
2016-10-17--21:54:50 exceRpt_smallRNA: Finished mapping to the UniVec contaminant DB

======================

2016-10-17--21:54:50 exceRpt_smallRNA: Mapping reads to ribosomal RNA sequences using STAR:

2016-10-17--21:54:50 exceRpt_smallRNA: STAR --runThreadN 8 --outFileNamePrefix /scratch/wbJob-runExceRpt-KUoS49-8036/sample_DKS8_cell_1_fastq/filteringAlignments_rRNA_ --genomeDir /opt/exceRptPipeline/4_prod/exceRptDB_v4/DATABASE/hg19/STAR_INDEX_rRNA --readFilesIn /scratch/wbJob-runExceRpt-KUoS49-8036/sample_DKS8_cell_1_fastq/sample_DKS8_cell_1_fastq.clipped.trimmed.filtered.noUniVecContaminants.fastq.gz --outReadsUnmapped Fastx --parametersFiles /opt/exceRptPipeline/4_prod/exceRptDB_v4/DATABASE/STAR_Parameters_Endogenous_smallRNA.in --alignEndsType Local --outFilterMatchNmin 18 --outFilterMatchNminOverLread 0.9 --outFilterMismatchNmax 1 --outFilterMismatchNoverLmax 0.3  >> /scratch/wbJob-runExceRpt-KUoS49-8036/sample_DKS8_cell_1_fastq.log 2>> /scratch/wbJob-runExceRpt-KUoS49-8036/sample_DKS8_cell_1_fastq.err; samtools view /scratch/wbJob-runExceRpt-KUoS49-8036/sample_DKS8_cell_1_fastq/filteringAlignments_rRNA_Aligned.out.bam | awk '{print }' | sort -k 2,2 2>> /scratch/wbJob-runExceRpt-KUoS49-8036/sample_DKS8_cell_1_fastq.err | uniq -c > /scratch/wbJob-runExceRpt-KUoS49-8036/sample_DKS8_cell_1_fastq/sample_DKS8_cell_1_fastq.clipped.trimmed.filtered.rRNA.counts 2>> /scratch/wbJob-runExceRpt-KUoS49-8036/sample_DKS8_cell_1_fastq.err; samtools view /scratch/wbJob-runExceRpt-KUoS49-8036/sample_DKS8_cell_1_fastq/filteringAlignments_rRNA_Aligned.out.bam | awk '{print }' | sort 2>> /scratch/wbJob-runExceRpt-KUoS49-8036/sample_DKS8_cell_1_fastq.err | uniq -c | wc -l > /scratch/wbJob-runExceRpt-KUoS49-8036/sample_DKS8_cell_1_fastq/sample_DKS8_cell_1_fastq.clipped.trimmed.filtered.rRNA.readCount 2>> /scratch/wbJob-runExceRpt-KUoS49-8036/sample_DKS8_cell_1_fastq.err; gzip -c /scratch/wbJob-runExceRpt-KUoS49-8036/sample_DKS8_cell_1_fastq/filteringAlignments_rRNA_Unmapped.out.mate1 > /scratch/wbJob-runExceRpt-KUoS49-8036/sample_DKS8_cell_1_fastq/sample_DKS8_cell_1_fastq.clipped.trimmed.filtered.noRiboRNA.fastq.gz; rm /scratch/wbJob-runExceRpt-KUoS49-8036/sample_DKS8_cell_1_fastq/filteringAlignments_rRNA_Unmapped.out.mate1

Oct 17 21:54:50 ..... Started STAR run
Oct 17 21:54:50 ..... Loading genome
Oct 17 21:54:50 ..... Started mapping
Oct 17 22:00:09 ..... Finished successfully
2016-10-17--22:06:57 exceRpt_smallRNA: Finished mapping to the rRNAs

======================
2016-10-17--22:06:57 exceRpt_smallRNA: Running FastQC on cleaned reads:

2016-10-17--22:06:57 exceRpt_smallRNA: java -classpath /opt/FastQC/0.11.2:/opt/FastQC/0.11.2/sam-1.103.jar:/opt/FastQC/0.11.2/jbzip2-0.9.jar -Xmx30G -Dfastqc.threads=8 -Dfastqc.unzip=false -Dfastqc.output_dir=/scratch/wbJob-runExceRpt-KUoS49-8036/sample_DKS8_cell_1_fastq/ uk/ac/bbsrc/babraham/FastQC/FastQCApplication /scratch/wbJob-runExceRpt-KUoS49-8036/sample_DKS8_cell_1_fastq/sample_DKS8_cell_1_fastq.clipped.trimmed.filtered.noRiboRNA.fastq.gz >> /scratch/wbJob-runExceRpt-KUoS49-8036/sample_DKS8_cell_1_fastq.log 2>> /scratch/wbJob-runExceRpt-KUoS49-8036/sample_DKS8_cell_1_fastq.err

Analysis complete for sample_DKS8_cell_1_fastq.clipped.trimmed.filtered.noRiboRNA.fastq.gz
2016-10-17--22:09:23 exceRpt_smallRNA: Finished running FastQC

======================

2016-10-17--22:09:23 exceRpt_smallRNA: Mapping reads to the genome of the primary organism:

2016-10-17--22:09:23 exceRpt_smallRNA: STAR --runThreadN 8 --outFileNamePrefix /scratch/wbJob-runExceRpt-KUoS49-8036/sample_DKS8_cell_1_fastq/endogenousAlignments_genome_ --genomeDir /opt/exceRptPipeline/4_prod/exceRptDB_v4/DATABASE/hg19/STAR_INDEX_genome --readFilesIn /scratch/wbJob-runExceRpt-KUoS49-8036/sample_DKS8_cell_1_fastq/sample_DKS8_cell_1_fastq.clipped.trimmed.filtered.noRiboRNA.fastq.gz --outReadsUnmapped Fastx --parametersFiles /opt/exceRptPipeline/4_prod/exceRptDB_v4/DATABASE/STAR_Parameters_Endogenous_smallRNA.in --alignEndsType Local --outFilterMatchNmin 18 --outFilterMatchNminOverLread 0.9 --outFilterMismatchNmax 1 --outFilterMismatchNoverLmax 0.3  >> /scratch/wbJob-runExceRpt-KUoS49-8036/sample_DKS8_cell_1_fastq.log 2>> /scratch/wbJob-runExceRpt-KUoS49-8036/sample_DKS8_cell_1_fastq.err

Oct 17 22:09:23 ..... Started STAR run
Oct 17 22:09:23 ..... Loading genome
Oct 17 22:09:38 ..... Started mapping
Oct 17 22:16:07 ..... Finished successfully
2016-10-17--22:16:07 exceRpt_smallRNA: Finished mapping to the genome of the primary organism

======================

2016-10-17--22:17:07 exceRpt_smallRNA: Mapping genome-aligned reads to the transcriptome of the primary organism:

2016-10-17--22:17:07 exceRpt_smallRNA: STAR --runThreadN 8 --outFileNamePrefix /scratch/wbJob-runExceRpt-KUoS49-8036/sample_DKS8_cell_1_fastq/endogenousAlignments_genomeMapped_transcriptome_ --readFilesIn /scratch/wbJob-runExceRpt-KUoS49-8036/sample_DKS8_cell_1_fastq/endogenousAlignments_genome_Mapped.out.mate1 --genomeDir /opt/exceRptPipeline/4_prod/exceRptDB_v4/DATABASE/hg19/STAR_INDEX_transcriptome --parametersFiles /opt/exceRptPipeline/4_prod/exceRptDB_v4/DATABASE/STAR_Parameters_Endogenous_smallRNA.in --alignEndsType Local --outFilterMatchNmin 18 --outFilterMatchNminOverLread 0.9 --outFilterMismatchNmax 1 --outFilterMismatchNoverLmax 0.3  --readFilesCommand - >> /scratch/wbJob-runExceRpt-KUoS49-8036/sample_DKS8_cell_1_fastq.log 2>> /scratch/wbJob-runExceRpt-KUoS49-8036/sample_DKS8_cell_1_fastq.err

Oct 17 22:17:07 ..... Started STAR run
Oct 17 22:17:07 ..... Loading genome
Oct 17 22:17:11 ..... Started mapping
Oct 17 22:42:02 ..... Finished successfully
2016-10-17--22:42:02 exceRpt_smallRNA: Finished mapping genome-aligned reads to the transcriptome of the primary organism

2016-10-17--22:42:19 exceRpt_smallRNA: Mapping genome-unaligned reads to the transcriptome of the primary organism:

2016-10-17--22:42:19 exceRpt_smallRNA: STAR --runThreadN 8 --outFileNamePrefix /scratch/wbJob-runExceRpt-KUoS49-8036/sample_DKS8_cell_1_fastq/endogenousAlignments_genomeUnmapped_transcriptome_ --readFilesIn /scratch/wbJob-runExceRpt-KUoS49-8036/sample_DKS8_cell_1_fastq/endogenousAlignments_genome_Unmapped.out.mate1 --outReadsUnmapped Fastx --genomeDir /opt/exceRptPipeline/4_prod/exceRptDB_v4/DATABASE/hg19/STAR_INDEX_transcriptome --parametersFiles /opt/exceRptPipeline/4_prod/exceRptDB_v4/DATABASE/STAR_Parameters_Endogenous_smallRNA.in --alignEndsType Local --outFilterMatchNmin 18 --outFilterMatchNminOverLread 0.9 --outFilterMismatchNmax 1 --outFilterMismatchNoverLmax 0.3  --readFilesCommand - >> /scratch/wbJob-runExceRpt-KUoS49-8036/sample_DKS8_cell_1_fastq.log 2>> /scratch/wbJob-runExceRpt-KUoS49-8036/sample_DKS8_cell_1_fastq.err

Oct 17 22:42:19 ..... Started STAR run
Oct 17 22:42:19 ..... Loading genome
Oct 17 22:42:21 ..... Started mapping
Oct 17 22:44:01 ..... Finished successfully
2016-10-17--22:44:01 exceRpt_smallRNA: Finished mapping genome-unaligned reads to the transcriptome of the primary organism

======================

2016-10-17--22:44:17 exceRpt_smallRNA: Performing CIGAR QC on endogenous genome alignments:

2016-10-17--22:44:17 exceRpt_smallRNA: java -Xmx30G -jar /opt/exceRptPipeline/4_prod/exceRpt_Tools.jar CIGAR_2_PWM -f /scratch/wbJob-runExceRpt-KUoS49-8036/sample_DKS8_cell_1_fastq/endogenousAlignments_genome_Aligned.out.bam > /scratch/wbJob-runExceRpt-KUoS49-8036/sample_DKS8_cell_1_fastq/endogenousAlignments_genome_Aligned.out.bam.CIGARstats.txt 2>> /scratch/wbJob-runExceRpt-KUoS49-8036/sample_DKS8_cell_1_fastq.log
2016/10/17 22:47:08  SAM records read = 33421735
2016/10/17 22:47:08  max observed read length = 50
2016-10-17--22:47:08 exceRpt_smallRNA: Finished performing CIGAR QC on endogenous genome alignments

2016-10-17--22:47:08 exceRpt_smallRNA: Sorting endogenous transcriptome alignments:

2016-10-17--22:47:08 exceRpt_smallRNA: samtools sort -n -@ 8 -m 2G -O bam -T /scratch/wbJob-runExceRpt-KUoS49-8036/sample_DKS8_cell_1_fastq/tmp /scratch/wbJob-runExceRpt-KUoS49-8036/sample_DKS8_cell_1_fastq/endogenousAlignments_genomeMapped_transcriptome_Aligned.out.bam > /scratch/wbJob-runExceRpt-KUoS49-8036/sample_DKS8_cell_1_fastq/endogenousAlignments_genomeMapped_transcriptome_Aligned.out.sorted.bam 2>> /scratch/wbJob-runExceRpt-KUoS49-8036/sample_DKS8_cell_1_fastq.log
[bam_sort_core] merging from 24 files...
2016-10-17--22:55:14 exceRpt_smallRNA: Finished sorting endogenous transcriptome alignments

2016-10-17--22:55:14 exceRpt_smallRNA: Performing read-coverage QC on endogenous transcriptome alignments:

2016-10-17--22:55:14 exceRpt_smallRNA: java -Xmx30G -jar /opt/exceRptPipeline/4_prod/exceRpt_Tools.jar ReadCoverage -exceRpt -a /opt/exceRptPipeline/4_prod/exceRptDB_v4/DATABASE/hg19/gencodeAnnotation.gtf -f /scratch/wbJob-runExceRpt-KUoS49-8036/sample_DKS8_cell_1_fastq/endogenousAlignments_genomeMapped_transcriptome_Aligned.out.sorted.bam 2>> /scratch/wbJob-runExceRpt-KUoS49-8036/sample_DKS8_cell_1_fastq.log
2016/10/17 22:55:14  Reading GTF file...
2016/10/17 22:56:42  Done - Read 2619444 GTF entries corresponding to 57820 genes and 196520 transcripts
2016/10/17 22:56:43  Average annotated lengths:  5'UTR=136.0  CDS=699  3'UTR=303.0
2016/10/17 22:56:43  nBins:  5'UTR=23  CDS=124  3'UTR=53
2016/10/17 22:56:46  Reading reference sequences (transcripts)...
2016/10/17 22:56:54  N reference sequences (transcripts): 224730
2016/10/17 22:56:54  Adding read alignments...
2016/10/17 23:04:18  Writing read bins...
2016/10/17 23:04:37  Done
2016-10-17--23:04:38 exceRpt_smallRNA: Finished performing read-coverage QC on endogenous transcriptome alignments

======================

2016-10-17--23:04:38 exceRpt_smallRNA: Assigning and sorting reads:

2016-10-17--23:04:38 exceRpt_smallRNA: java -Xmx30G -jar /opt/exceRptPipeline/4_prod/exceRpt_Tools.jar ProcessEndogenousAlignments --libPriority miRNA,tRNA,piRNA,gencode,circRNA --genomeMappedReads /scratch/wbJob-runExceRpt-KUoS49-8036/sample_DKS8_cell_1_fastq/endogenousAlignments_genomeMapped_transcriptome_Aligned.out.bam --transcriptomeMappedReads /scratch/wbJob-runExceRpt-KUoS49-8036/sample_DKS8_cell_1_fastq/endogenousAlignments_genomeUnmapped_transcriptome_Aligned.out.bam --hairpin2genome /opt/exceRptPipeline/4_prod/exceRptDB_v4/DATABASE/hg19/miRNA_precursor2genome.sam --mature2hairpin /opt/exceRptPipeline/4_prod/exceRptDB_v4/DATABASE/hg19/miRNA_mature2precursor.sam --dict /scratch/wbJob-runExceRpt-KUoS49-8036/sample_DKS8_cell_1_fastq/endogenousAlignments_Accepted.dict 2>> /scratch/wbJob-runExceRpt-KUoS49-8036/sample_DKS8_cell_1_fastq.log | sort -k 2,2 -k 1,1 > /scratch/wbJob-runExceRpt-KUoS49-8036/sample_DKS8_cell_1_fastq/endogenousAlignments_Accepted.txt

2016/10/17 23:04:38 Using default library priorities: miRNA > tRNA > piRNA > gencode > circRNA
2016/10/17 23:04:38 Reading miRNA annotation info
2016/10/17 23:04:39 Processing RNA-seq alignments
2016/10/17 23:04:39 Processing transcriptome alignments for genome-mapped reads...
2016/10/17 23:25:11 Processing transcriptome alignments for genome-UNmapped reads...
2016/10/17 23:25:28 Done!
2016-10-17--23:27:00 exceRpt_smallRNA: Finished assigning and sorting reads

2016-10-17--23:27:00 exceRpt_smallRNA: If requested, downsampling to NULL transcriptome alignments:

2016-10-17--23:27:00 exceRpt_smallRNA: 

2016-10-17--23:27:00 exceRpt_smallRNA: Finished downsampling transcriptome alignments

2016-10-17--23:27:00 exceRpt_smallRNA: Quantifying:

2016-10-17--23:27:00 exceRpt_smallRNA: java -Xmx30G -jar /opt/exceRptPipeline/4_prod/exceRpt_Tools.jar QuantifyEndogenousAlignments --dict /scratch/wbJob-runExceRpt-KUoS49-8036/sample_DKS8_cell_1_fastq/endogenousAlignments_Accepted.dict --acceptedAlignments /scratch/wbJob-runExceRpt-KUoS49-8036/sample_DKS8_cell_1_fastq/endogenousAlignments_Accepted.txt --outputPath /scratch/wbJob-runExceRpt-KUoS49-8036/sample_DKS8_cell_1_fastq

2016/10/17 23:27:00 Reading alignments in: /scratch/wbJob-runExceRpt-KUoS49-8036/sample_DKS8_cell_1_fastq/endogenousAlignments_Accepted.txt
2016/10/17 23:27:00 Using alignment dictionary: /scratch/wbJob-runExceRpt-KUoS49-8036/sample_DKS8_cell_1_fastq/endogenousAlignments_Accepted.dict
2016/10/17 23:27:00 Writing results to: /scratch/wbJob-runExceRpt-KUoS49-8036/sample_DKS8_cell_1_fastq
2016/10/17 23:27:00 Reading alignment dictionary...
2016/10/17 23:27:00 Reading alignments...
2016/10/17 23:30:46  - Read alignments for 909282 insert sequences
2016/10/17 23:30:46 Writing read counts...
2016/10/17 23:30:47 Done!
======================

2016-10-17--23:31:50 exceRpt_smallRNA: Mapping reads to repetitive elements in the host genome:

2016-10-17--23:31:50 exceRpt_smallRNA: STAR --runThreadN 8 --outFileNamePrefix /scratch/wbJob-runExceRpt-KUoS49-8036/sample_DKS8_cell_1_fastq/endogenousAlignments_repetitiveElements_ --genomeDir /opt/exceRptPipeline/4_prod/exceRptDB_v4/DATABASE/hg19/STAR_INDEX_repetitiveElements --readFilesIn /scratch/wbJob-runExceRpt-KUoS49-8036/sample_DKS8_cell_1_fastq/endogenousAlignments_genomeUnmapped_transcriptome_Unmapped.R1.fastq.gz --outReadsUnmapped Fastx --parametersFiles /opt/exceRptPipeline/4_prod/exceRptDB_v4/DATABASE/STAR_Parameters_Endogenous_smallRNA.in --alignEndsType Local --outFilterMatchNmin 18 --outFilterMatchNminOverLread 0.9 --outFilterMismatchNmax 1 --outFilterMismatchNoverLmax 0.3  >> /scratch/wbJob-runExceRpt-KUoS49-8036/sample_DKS8_cell_1_fastq.log 2>> /scratch/wbJob-runExceRpt-KUoS49-8036/sample_DKS8_cell_1_fastq.err

Oct 17 23:31:50 ..... Started STAR run
Oct 17 23:31:50 ..... Loading genome
Oct 17 23:32:10 ..... Started mapping
Oct 18 00:50:49 ..... Finished successfully
2016-10-18--00:50:49 exceRpt_smallRNA: Finished mapping to repetitive elements in the host genome

======================

2016-10-18--00:51:05 exceRpt_smallRNA: Aligning remaining reads to the genome allowing gaps 

2016-10-18--00:51:05 exceRpt_smallRNA: STAR --runThreadN 8 --outFileNamePrefix /scratch/wbJob-runExceRpt-KUoS49-8036/sample_DKS8_cell_1_fastq/endogenousAlignments_genomeGapped_ --alignIntronMax 0 --alignIntronMin 21 --genomeDir /opt/exceRptPipeline/4_prod/exceRptDB_v4/DATABASE/hg19/STAR_INDEX_genome --readFilesIn /scratch/wbJob-runExceRpt-KUoS49-8036/sample_DKS8_cell_1_fastq/endogenousAlignments_repetitiveElements_Unmapped.R1.fastq.gz --outReadsUnmapped Fastx --parametersFiles /opt/exceRptPipeline/4_prod/exceRptDB_v4/DATABASE/STAR_Parameters_Endogenous_smallRNA.in --alignEndsType Local --outFilterMatchNmin 18 --outFilterMatchNminOverLread 0.9 --outFilterMismatchNmax 1 --outFilterMismatchNoverLmax 0.3  >> /scratch/wbJob-runExceRpt-KUoS49-8036/sample_DKS8_cell_1_fastq.log 2>> /scratch/wbJob-runExceRpt-KUoS49-8036/sample_DKS8_cell_1_fastq.err

Oct 18 00:51:05 ..... Started STAR run
Oct 18 00:51:05 ..... Loading genome
Oct 18 00:51:20 ..... Started mapping
Oct 18 00:51:48 ..... Finished successfully
2016-10-18--00:51:48 exceRpt_smallRNA: Finished aligning remaining reads to the genome allowing gaps

======================

2016-10-18--00:52:01 exceRpt_smallRNA: Mapping reads to all miRNAs in miRBase:

2016-10-18--00:52:01 exceRpt_smallRNA: STAR --runThreadN 8 --outFileNamePrefix /scratch/wbJob-runExceRpt-KUoS49-8036/sample_DKS8_cell_1_fastq/EXOGENOUS_miRNA/exogenous_miRBase_ --genomeDir /opt/exceRptPipeline/4_prod/exceRptDB_v4/DATABASE/miRBase/STAR_INDEX_miRBaseAll --readFilesIn /scratch/wbJob-runExceRpt-KUoS49-8036/sample_DKS8_cell_1_fastq/endogenousAlignments_genomeGapped_Unmapped.R1.fastq.gz --outReadsUnmapped Fastx --parametersFiles /opt/exceRptPipeline/4_prod/exceRptDB_v4/DATABASE/STAR_Parameters_Exogenous.in --outSAMtype BAM Unsorted --outSAMattributes Standard --alignEndsType EndToEnd --outFilterMatchNmin 18 --outFilterMatchNminOverLread 1.0 --outFilterMismatchNmax 0 --outFilterMismatchNoverLmax 0.3  >> /scratch/wbJob-runExceRpt-KUoS49-8036/sample_DKS8_cell_1_fastq.log 2>> /scratch/wbJob-runExceRpt-KUoS49-8036/sample_DKS8_cell_1_fastq.err

Oct 18 00:52:01 ..... Started STAR run
Oct 18 00:52:01 ..... Loading genome
Oct 18 00:52:01 ..... Started mapping
Oct 18 00:52:20 ..... Finished successfully
2016-10-18--00:52:20 exceRpt_smallRNA: Finished mapping to all miRNAs in miRBase

2016-10-18--00:52:32 exceRpt_smallRNA: Assigning reads:

2016/10/18 00:52:32 Using default library priorities: miRNA > tRNA > piRNA > gencode > circRNA
2016/10/18 00:52:32 Reading miRNA annotation info
2016/10/18 00:52:37 Processing RNA-seq alignments
2016/10/18 00:52:37 Processing transcriptome alignments for genome-UNmapped reads...
2016/10/18 00:52:41 Done!
2016/10/18 00:52:41 Reading alignments in: /scratch/wbJob-runExceRpt-KUoS49-8036/sample_DKS8_cell_1_fastq/EXOGENOUS_miRNA/exogenousAlignments_Accepted.txt
2016/10/18 00:52:41 Using alignment dictionary: /scratch/wbJob-runExceRpt-KUoS49-8036/sample_DKS8_cell_1_fastq/EXOGENOUS_miRNA/exogenousAlignments_Accepted.dict
2016/10/18 00:52:41 Writing results to: /scratch/wbJob-runExceRpt-KUoS49-8036/sample_DKS8_cell_1_fastq/EXOGENOUS_miRNA
2016/10/18 00:52:41 Reading alignment dictionary...
2016/10/18 00:52:41 Reading alignments...
2016/10/18 00:52:42  - Read alignments for 1250 insert sequences
2016/10/18 00:52:42 Writing read counts...
2016/10/18 00:52:42 Done!
2016-10-18--00:52:42 exceRpt_smallRNA: Finished assigning reads

======================

2016-10-18--00:52:42 exceRpt_smallRNA: Mapping reads to rRNA sequences in RDP (a.k.a. ribosome DB):

2016-10-18--00:52:42 exceRpt_smallRNA: STAR --runThreadN 8 --outFileNamePrefix /scratch/wbJob-runExceRpt-KUoS49-8036/sample_DKS8_cell_1_fastq/EXOGENOUS_rRNA/exogenous_rRNA_ --genomeDir /opt/exceRptPipeline/4_prod/exceRptDB_v4/DATABASE/ribosomeDatabase/exogenous_rRNAs --readFilesIn /scratch/wbJob-runExceRpt-KUoS49-8036/sample_DKS8_cell_1_fastq/EXOGENOUS_miRNA/exogenous_miRBase_Unmapped.R1.fastq.gz --outReadsUnmapped Fastx --parametersFiles /opt/STAR/2.4.2a/indexes/STAR_Parameters_Exogenous.in --outSAMtype BAM Unsorted --outSAMattributes Standard --alignEndsType EndToEnd --outFilterMatchNmin 18 --outFilterMatchNminOverLread 1.0 --outFilterMismatchNmax 0 --outFilterMismatchNoverLmax 0.3  >> /scratch/wbJob-runExceRpt-KUoS49-8036/sample_DKS8_cell_1_fastq.log

Oct 18 00:52:42 ..... Started STAR run
Oct 18 00:52:42 ..... Loading genome
Oct 18 00:53:59 ..... Started mapping
Oct 18 01:39:09 ..... Finished successfully
2016-10-18--01:39:21 exceRpt_smallRNA: Finished mapping to rRNA sequences in RDP

======================

2016-10-18--01:39:21 exceRpt_smallRNA: Resolving and quantifying rRNA alignments


2016-10-18--01:39:21 exceRpt_smallRNA: samtools view /scratch/wbJob-runExceRpt-KUoS49-8036/sample_DKS8_cell_1_fastq/EXOGENOUS_rRNA/exogenous_rRNA_Aligned.out.bam | awk '{print ,,,,0}' | sort -k 1,1 -k 2,2 | uniq > /scratch/wbJob-runExceRpt-KUoS49-8036/sample_DKS8_cell_1_fastq/EXOGENOUS_rRNA/ExogenousRibosomalAlignments.txt 2>> /scratch/wbJob-runExceRpt-KUoS49-8036/sample_DKS8_cell_1_fastq.log


2016-10-18--01:39:25 exceRpt_smallRNA: java -Xmx30G -jar /opt/exceRptPipeline/4_prod/exceRpt_Tools.jar ProcessExogenousAlignments -taxonomyPath /opt/exceRptPipeline/4_prod/exceRptDB_v4/DATABASE/NCBI_taxonomy_taxdump -min 0.001 -frac 0.95 --minReads 3 -batchSize 20000 -alignments /scratch/wbJob-runExceRpt-KUoS49-8036/sample_DKS8_cell_1_fastq/EXOGENOUS_rRNA/ExogenousRibosomalAlignments.txt --rdp > /scratch/wbJob-runExceRpt-KUoS49-8036/sample_DKS8_cell_1_fastq/EXOGENOUS_rRNA/ExogenousRibosomalAlignments.tmp 2>> /scratch/wbJob-runExceRpt-KUoS49-8036/sample_DKS8_cell_1_fastq.log

2016/10/18 01:39:25  Summarising alignments in: '/scratch/wbJob-runExceRpt-KUoS49-8036/sample_DKS8_cell_1_fastq/EXOGENOUS_rRNA/ExogenousRibosomalAlignments.txt'
2016/10/18 01:39:25              in batches of: 20000 reads
2016/10/18 01:39:25          using taxonomy in: '/opt/exceRptPipeline/4_prod/exceRptDB_v4/DATABASE/NCBI_taxonomy_taxdump', minFraction=0.95, top-down:false, for alignments above 0.0010% of total reads
2016/10/18 01:39:25  Reading taxonomy: node names
2016/10/18 01:39:40  Reading taxonomy: node hierarchy
2016/10/18 01:39:44  Reading alignments...
2016/10/18 01:40:47  Processing alignments in batch 1
2016/10/18 01:40:47   - Detected 500869 possible species from 6263 aligned reads (minReads=0)
2016/10/18 01:44:11   - Done. Suppressed 0 total reads (0.0% of input reads) due to minimum read requirement.
2016/10/18 01:44:11  Reading alignments...
2016/10/18 01:44:11  Quantifying
2016/10/18 01:44:11  Done
2016-10-18--01:44:12 exceRpt_smallRNA: Finished resolving and quantifying rRNA alignments

2016-10-18--01:44:12 exceRpt_smallRNA: END smallRNA-seq Pipeline for sample sample_DKS8_cell_1_fastq
======================

