2016-10-17--17:01:16 exceRpt_smallRNA: BEGIN exceRpt smallRNA-seq pipeline v.4.6.2 for sample sample_GBM3_exosome_clean_fq
======================

2016-10-17--17:01:16 exceRpt_smallRNA: Created results dir: /scratch/wbJob-runExceRpt-AurVYL-1606/sample_GBM3_exosome_clean_fq

======================

2016-10-17--17:01:16 exceRpt_smallRNA: Processing adapter sequence:

2016-10-17--17:01:16 exceRpt_smallRNA: echo AGATCGGAAGAGCACACGTCT > /scratch/wbJob-runExceRpt-AurVYL-1606/sample_GBM3_exosome_clean_fq/sample_GBM3_exosome_clean_fq.adapterSeq

======================

2016-10-17--17:01:16 exceRpt_smallRNA: Guessing encoding of fastq read-qualities:

2016-10-17--17:01:16 exceRpt_smallRNA: cat /scratch/wbJob-runExceRpt-AurVYL-1606/GBM3_exosome_clean.fq | head -n 40000 | awk '{if(NR%4==0) printf(%s,/bin/sh);}' | od -A n -t u1 | grep -v ^* | awk 'BEGIN{min=100;max=0;}{for(i=1;i<=NF;i++) {if(>max) max=; if(<min) min=;}}END{if(max<84) print 33; else print 64;}' > /scratch/wbJob-runExceRpt-AurVYL-1606/sample_GBM3_exosome_clean_fq/sample_GBM3_exosome_clean_fq.qualityEncoding

2016-10-17--17:01:17 exceRpt_smallRNA: Finished guessing encoding of fastq read-qualities:

======================

2016-10-17--17:01:17 exceRpt_smallRNA: Checking adapter against known sequences: cat /scratch/wbJob-runExceRpt-AurVYL-1606/GBM3_exosome_clean.fq 2>> /scratch/wbJob-runExceRpt-AurVYL-1606/sample_GBM3_exosome_clean_fq.err | java -Xmx30G -jar /opt/exceRptPipeline/4_prod/exceRpt_Tools.jar FindAdapter -n 1000 -m 100000 -s 4 -a /opt/exceRptPipeline/4_prod/exceRptDB_v4/DATABASE/adapters/adapters.fa - > /scratch/wbJob-runExceRpt-AurVYL-1606/sample_GBM3_exosome_clean_fq/sample_GBM3_exosome_clean_fq.knownAdapterSeq 2>> /scratch/wbJob-runExceRpt-AurVYL-1606/sample_GBM3_exosome_clean_fq.log

2016/10/17 17:01:17  Searching for best of 7 potential adapter sequences
2016/10/17 17:01:17  
2016/10/17 17:01:18  FOUND! Most likely adapter (after 1000 reads): TruSeq_adapter_p7_OR_NEB_smallRNA_3p: AGATCGGAAGAGCACACGTCTGAACTCCAGTCAC
2016/10/17 17:01:18         with an average alignment score of 22.74 (33.9x higher than the next best adapter: TruSeq_smallRNA_3p: TGGAATTCTCGGGTGCCAAGG)
======================

2016-10-17--17:01:18 exceRpt_smallRNA: Provided/guessed adapter sequence: AGATCGGAAGAGCACACGTCT
2016-10-17--17:01:18 exceRpt_smallRNA: 2016-10-17--17:01:18 exceRpt_smallRNA: Provided 3' adapter sequence. Removing 3' adapter sequence using fastX:

2016-10-17--17:01:18 exceRpt_smallRNA: cat /scratch/wbJob-runExceRpt-AurVYL-1606/GBM3_exosome_clean.fq > /scratch/wbJob-runExceRpt-AurVYL-1606/sample_GBM3_exosome_clean_fq/sample_GBM3_exosome_clean_fq.preClipped.fastq.tmp; fastx_clipper  -Q64 -a AGATCGGAAGAGCACACGTCT -l 18 -v -n -M 7 -i /scratch/wbJob-runExceRpt-AurVYL-1606/sample_GBM3_exosome_clean_fq/sample_GBM3_exosome_clean_fq.preClipped.fastq.tmp -z -o /scratch/wbJob-runExceRpt-AurVYL-1606/sample_GBM3_exosome_clean_fq/sample_GBM3_exosome_clean_fq.clipped.fastq.tmp.gz >> /scratch/wbJob-runExceRpt-AurVYL-1606/sample_GBM3_exosome_clean_fq.log 2>> /scratch/wbJob-runExceRpt-AurVYL-1606/sample_GBM3_exosome_clean_fq.err; rm /scratch/wbJob-runExceRpt-AurVYL-1606/sample_GBM3_exosome_clean_fq/sample_GBM3_exosome_clean_fq.preClipped.fastq.tmp

Clipping Adapter: AGATCGGAAGAGCACACGTCT
Min. Length: 18
Input: 13730911 reads.
Output: 13653666 reads.
discarded 69945 too-short reads.
discarded 7300 adapter-only reads.
2016-10-17--17:09:24 exceRpt_smallRNA: Finished removing adapters

2016-10-17--17:09:24 exceRpt_smallRNA: Removing 0N random barcode:

2016-10-17--17:09:24 exceRpt_smallRNA: mv /scratch/wbJob-runExceRpt-AurVYL-1606/sample_GBM3_exosome_clean_fq/sample_GBM3_exosome_clean_fq.clipped.fastq.tmp.gz /scratch/wbJob-runExceRpt-AurVYL-1606/sample_GBM3_exosome_clean_fq/sample_GBM3_exosome_clean_fq.clipped.fastq.gz

2016-10-17--17:09:24 exceRpt_smallRNA: Finished removing random barcode

======================

2016-10-17--17:09:24 exceRpt_smallRNA: Trimming 0 bases from the 5' and 0 bases from the 3' of all reads:

2016-10-17--17:09:24 exceRpt_smallRNA: gunzip -c /scratch/wbJob-runExceRpt-AurVYL-1606/sample_GBM3_exosome_clean_fq/sample_GBM3_exosome_clean_fq.clipped.fastq.gz | java -Xmx30G -jar /opt/exceRptPipeline/4_prod/exceRpt_Tools.jar TrimFastq -5p 0 -3p 0 | gzip -c > /scratch/wbJob-runExceRpt-AurVYL-1606/sample_GBM3_exosome_clean_fq/sample_GBM3_exosome_clean_fq.clipped.trimmed.fastq.gz 2>>/scratch/wbJob-runExceRpt-AurVYL-1606/sample_GBM3_exosome_clean_fq.log

2016-10-17--17:11:26 exceRpt_smallRNA: Finished trimming bases from the 5' and 3' end of all reads

======================

2016-10-17--17:11:26 exceRpt_smallRNA: Filtering reads by base quality:

2016-10-17--17:11:26 exceRpt_smallRNA: gunzip -c /scratch/wbJob-runExceRpt-AurVYL-1606/sample_GBM3_exosome_clean_fq/sample_GBM3_exosome_clean_fq.clipped.trimmed.fastq.gz | fastq_quality_filter -v -Q64 -p 80 -q 20 > /scratch/wbJob-runExceRpt-AurVYL-1606/sample_GBM3_exosome_clean_fq/sample_GBM3_exosome_clean_fq.clipped.trimmed.filtered.tmp

Quality cut-off: 20
Minimum percentage: 80
Input: 13653666 reads.
Output: 13530558 reads.
discarded 123108 (0%) low-quality reads.
2016-10-17--17:12:43 exceRpt_smallRNA: Finished filtering reads by base quality

======================

2016-10-17--17:12:43 exceRpt_smallRNA: Filtering homopolymer repeat reads:

2016-10-17--17:12:43 exceRpt_smallRNA: java -Xmx30G -jar /opt/exceRptPipeline/4_prod/exceRpt_Tools.jar RemoveHomopolymerRepeats -m 0.66 -i /scratch/wbJob-runExceRpt-AurVYL-1606/sample_GBM3_exosome_clean_fq/sample_GBM3_exosome_clean_fq.clipped.trimmed.filtered.tmp -o /scratch/wbJob-runExceRpt-AurVYL-1606/sample_GBM3_exosome_clean_fq/sample_GBM3_exosome_clean_fq.clipped.trimmed.filtered.fastq


Done.  Sequences removed=32897
2016-10-17--17:15:27 exceRpt_smallRNA: Finished filtering homopolymer repeat reads

======================
2016-10-17--17:15:27 exceRpt_smallRNA: Calculating length distribution of clipped reads:

2016-10-17--17:15:27 exceRpt_smallRNA: java -Xmx30G -jar /opt/exceRptPipeline/4_prod/exceRpt_Tools.jar GetSequenceLengths /scratch/wbJob-runExceRpt-AurVYL-1606/sample_GBM3_exosome_clean_fq/sample_GBM3_exosome_clean_fq.clipped.trimmed.filtered.fastq > /scratch/wbJob-runExceRpt-AurVYL-1606/sample_GBM3_exosome_clean_fq/sample_GBM3_exosome_clean_fq.clipped.trimmed.filtered.readLengths.txt 2>> /scratch/wbJob-runExceRpt-AurVYL-1606/sample_GBM3_exosome_clean_fq.err

2016-10-17--17:15:50 exceRpt_smallRNA: Finished calculating read-lengths

======================
2016-10-17--17:15:50 exceRpt_smallRNA: Running FastQC on clipped reads:

2016-10-17--17:15:50 exceRpt_smallRNA: java -classpath /opt/FastQC/0.11.2:/opt/FastQC/0.11.2/sam-1.103.jar:/opt/FastQC/0.11.2/jbzip2-0.9.jar -Xmx30G -Dfastqc.threads=8 -Dfastqc.unzip=false -Dfastqc.output_dir=/scratch/wbJob-runExceRpt-AurVYL-1606/sample_GBM3_exosome_clean_fq/ uk/ac/bbsrc/babraham/FastQC/FastQCApplication /scratch/wbJob-runExceRpt-AurVYL-1606/sample_GBM3_exosome_clean_fq/sample_GBM3_exosome_clean_fq.clipped.trimmed.filtered.fastq.gz >> /scratch/wbJob-runExceRpt-AurVYL-1606/sample_GBM3_exosome_clean_fq.log 2>> /scratch/wbJob-runExceRpt-AurVYL-1606/sample_GBM3_exosome_clean_fq.err

Analysis complete for sample_GBM3_exosome_clean_fq.clipped.trimmed.filtered.fastq.gz
2016-10-17--17:16:56 exceRpt_smallRNA: Finished running FastQC

======================

2016-10-17--17:16:56 exceRpt_smallRNA: No calibrator sequences
 
2016-10-17--17:16:56 exceRpt_smallRNA: 
2016-10-17--17:16:56 exceRpt_smallRNA: Moving on to UniVec and rRNA sequences

======================

2016-10-17--17:16:56 exceRpt_smallRNA: Mapping reads to contaminant sequences in UniVec using STAR:

2016-10-17--17:16:56 exceRpt_smallRNA: STAR --runThreadN 8 --outFileNamePrefix /scratch/wbJob-runExceRpt-AurVYL-1606/sample_GBM3_exosome_clean_fq/filteringAlignments_UniVec_ --genomeDir /opt/exceRptPipeline/4_prod/exceRptDB_v4/DATABASE/UniVec/STAR_INDEX_UniVec --readFilesIn /scratch/wbJob-runExceRpt-AurVYL-1606/sample_GBM3_exosome_clean_fq/sample_GBM3_exosome_clean_fq.clipped.trimmed.filtered.fastq.gz --outReadsUnmapped Fastx --parametersFiles /opt/exceRptPipeline/4_prod/exceRptDB_v4/DATABASE/STAR_Parameters_Endogenous_smallRNA.in --alignEndsType Local --outFilterMatchNmin 18 --outFilterMatchNminOverLread 0.9 --outFilterMismatchNmax 1 --outFilterMismatchNoverLmax 0.3  >> /scratch/wbJob-runExceRpt-AurVYL-1606/sample_GBM3_exosome_clean_fq.log 2>> /scratch/wbJob-runExceRpt-AurVYL-1606/sample_GBM3_exosome_clean_fq.err; samtools view /scratch/wbJob-runExceRpt-AurVYL-1606/sample_GBM3_exosome_clean_fq/filteringAlignments_UniVec_Aligned.out.bam | awk '{print }' | sort -k 2,2 2>> /scratch/wbJob-runExceRpt-AurVYL-1606/sample_GBM3_exosome_clean_fq.err | uniq --count > /scratch/wbJob-runExceRpt-AurVYL-1606/sample_GBM3_exosome_clean_fq/sample_GBM3_exosome_clean_fq.clipped.trimmed.filtered.uniVecContaminants.counts 2>> /scratch/wbJob-runExceRpt-AurVYL-1606/sample_GBM3_exosome_clean_fq.err; samtools view /scratch/wbJob-runExceRpt-AurVYL-1606/sample_GBM3_exosome_clean_fq/filteringAlignments_UniVec_Aligned.out.bam | awk '{print }' | sort 2>> /scratch/wbJob-runExceRpt-AurVYL-1606/sample_GBM3_exosome_clean_fq.err | uniq -c | wc -l > /scratch/wbJob-runExceRpt-AurVYL-1606/sample_GBM3_exosome_clean_fq/sample_GBM3_exosome_clean_fq.clipped.trimmed.filtered.uniVecContaminants.readCount 2>> /scratch/wbJob-runExceRpt-AurVYL-1606/sample_GBM3_exosome_clean_fq.err; gzip -c /scratch/wbJob-runExceRpt-AurVYL-1606/sample_GBM3_exosome_clean_fq/filteringAlignments_UniVec_Unmapped.out.mate1 > /scratch/wbJob-runExceRpt-AurVYL-1606/sample_GBM3_exosome_clean_fq/sample_GBM3_exosome_clean_fq.clipped.trimmed.filtered.noUniVecContaminants.fastq.gz; rm /scratch/wbJob-runExceRpt-AurVYL-1606/sample_GBM3_exosome_clean_fq/filteringAlignments_UniVec_Unmapped.out.mate1

Oct 17 17:16:56 ..... Started STAR run
Oct 17 17:16:56 ..... Loading genome
Oct 17 17:16:56 ..... Started mapping
Oct 17 17:18:23 ..... Finished successfully
2016-10-17--17:21:11 exceRpt_smallRNA: Finished mapping to the UniVec contaminant DB

======================

2016-10-17--17:21:11 exceRpt_smallRNA: Mapping reads to ribosomal RNA sequences using STAR:

2016-10-17--17:21:11 exceRpt_smallRNA: STAR --runThreadN 8 --outFileNamePrefix /scratch/wbJob-runExceRpt-AurVYL-1606/sample_GBM3_exosome_clean_fq/filteringAlignments_rRNA_ --genomeDir /opt/exceRptPipeline/4_prod/exceRptDB_v4/DATABASE/hg19/STAR_INDEX_rRNA --readFilesIn /scratch/wbJob-runExceRpt-AurVYL-1606/sample_GBM3_exosome_clean_fq/sample_GBM3_exosome_clean_fq.clipped.trimmed.filtered.noUniVecContaminants.fastq.gz --outReadsUnmapped Fastx --parametersFiles /opt/exceRptPipeline/4_prod/exceRptDB_v4/DATABASE/STAR_Parameters_Endogenous_smallRNA.in --alignEndsType Local --outFilterMatchNmin 18 --outFilterMatchNminOverLread 0.9 --outFilterMismatchNmax 1 --outFilterMismatchNoverLmax 0.3  >> /scratch/wbJob-runExceRpt-AurVYL-1606/sample_GBM3_exosome_clean_fq.log 2>> /scratch/wbJob-runExceRpt-AurVYL-1606/sample_GBM3_exosome_clean_fq.err; samtools view /scratch/wbJob-runExceRpt-AurVYL-1606/sample_GBM3_exosome_clean_fq/filteringAlignments_rRNA_Aligned.out.bam | awk '{print }' | sort -k 2,2 2>> /scratch/wbJob-runExceRpt-AurVYL-1606/sample_GBM3_exosome_clean_fq.err | uniq -c > /scratch/wbJob-runExceRpt-AurVYL-1606/sample_GBM3_exosome_clean_fq/sample_GBM3_exosome_clean_fq.clipped.trimmed.filtered.rRNA.counts 2>> /scratch/wbJob-runExceRpt-AurVYL-1606/sample_GBM3_exosome_clean_fq.err; samtools view /scratch/wbJob-runExceRpt-AurVYL-1606/sample_GBM3_exosome_clean_fq/filteringAlignments_rRNA_Aligned.out.bam | awk '{print }' | sort 2>> /scratch/wbJob-runExceRpt-AurVYL-1606/sample_GBM3_exosome_clean_fq.err | uniq -c | wc -l > /scratch/wbJob-runExceRpt-AurVYL-1606/sample_GBM3_exosome_clean_fq/sample_GBM3_exosome_clean_fq.clipped.trimmed.filtered.rRNA.readCount 2>> /scratch/wbJob-runExceRpt-AurVYL-1606/sample_GBM3_exosome_clean_fq.err; gzip -c /scratch/wbJob-runExceRpt-AurVYL-1606/sample_GBM3_exosome_clean_fq/filteringAlignments_rRNA_Unmapped.out.mate1 > /scratch/wbJob-runExceRpt-AurVYL-1606/sample_GBM3_exosome_clean_fq/sample_GBM3_exosome_clean_fq.clipped.trimmed.filtered.noRiboRNA.fastq.gz; rm /scratch/wbJob-runExceRpt-AurVYL-1606/sample_GBM3_exosome_clean_fq/filteringAlignments_rRNA_Unmapped.out.mate1

Oct 17 17:21:11 ..... Started STAR run
Oct 17 17:21:11 ..... Loading genome
Oct 17 17:21:11 ..... Started mapping
Oct 17 17:22:43 ..... Finished successfully
2016-10-17--17:25:16 exceRpt_smallRNA: Finished mapping to the rRNAs

======================
2016-10-17--17:25:16 exceRpt_smallRNA: Running FastQC on cleaned reads:

2016-10-17--17:25:16 exceRpt_smallRNA: java -classpath /opt/FastQC/0.11.2:/opt/FastQC/0.11.2/sam-1.103.jar:/opt/FastQC/0.11.2/jbzip2-0.9.jar -Xmx30G -Dfastqc.threads=8 -Dfastqc.unzip=false -Dfastqc.output_dir=/scratch/wbJob-runExceRpt-AurVYL-1606/sample_GBM3_exosome_clean_fq/ uk/ac/bbsrc/babraham/FastQC/FastQCApplication /scratch/wbJob-runExceRpt-AurVYL-1606/sample_GBM3_exosome_clean_fq/sample_GBM3_exosome_clean_fq.clipped.trimmed.filtered.noRiboRNA.fastq.gz >> /scratch/wbJob-runExceRpt-AurVYL-1606/sample_GBM3_exosome_clean_fq.log 2>> /scratch/wbJob-runExceRpt-AurVYL-1606/sample_GBM3_exosome_clean_fq.err

Analysis complete for sample_GBM3_exosome_clean_fq.clipped.trimmed.filtered.noRiboRNA.fastq.gz
2016-10-17--17:25:50 exceRpt_smallRNA: Finished running FastQC

======================

2016-10-17--17:25:50 exceRpt_smallRNA: Mapping reads to the genome of the primary organism:

2016-10-17--17:25:50 exceRpt_smallRNA: STAR --runThreadN 8 --outFileNamePrefix /scratch/wbJob-runExceRpt-AurVYL-1606/sample_GBM3_exosome_clean_fq/endogenousAlignments_genome_ --genomeDir /opt/exceRptPipeline/4_prod/exceRptDB_v4/DATABASE/hg19/STAR_INDEX_genome --readFilesIn /scratch/wbJob-runExceRpt-AurVYL-1606/sample_GBM3_exosome_clean_fq/sample_GBM3_exosome_clean_fq.clipped.trimmed.filtered.noRiboRNA.fastq.gz --outReadsUnmapped Fastx --parametersFiles /opt/exceRptPipeline/4_prod/exceRptDB_v4/DATABASE/STAR_Parameters_Endogenous_smallRNA.in --alignEndsType Local --outFilterMatchNmin 18 --outFilterMatchNminOverLread 0.9 --outFilterMismatchNmax 1 --outFilterMismatchNoverLmax 0.3  >> /scratch/wbJob-runExceRpt-AurVYL-1606/sample_GBM3_exosome_clean_fq.log 2>> /scratch/wbJob-runExceRpt-AurVYL-1606/sample_GBM3_exosome_clean_fq.err

Oct 17 17:25:50 ..... Started STAR run
Oct 17 17:25:50 ..... Loading genome
Oct 17 17:26:04 ..... Started mapping
Oct 17 17:27:39 ..... Finished successfully
2016-10-17--17:27:39 exceRpt_smallRNA: Finished mapping to the genome of the primary organism

======================

2016-10-17--17:27:54 exceRpt_smallRNA: Mapping genome-aligned reads to the transcriptome of the primary organism:

2016-10-17--17:27:54 exceRpt_smallRNA: STAR --runThreadN 8 --outFileNamePrefix /scratch/wbJob-runExceRpt-AurVYL-1606/sample_GBM3_exosome_clean_fq/endogenousAlignments_genomeMapped_transcriptome_ --readFilesIn /scratch/wbJob-runExceRpt-AurVYL-1606/sample_GBM3_exosome_clean_fq/endogenousAlignments_genome_Mapped.out.mate1 --genomeDir /opt/exceRptPipeline/4_prod/exceRptDB_v4/DATABASE/hg19/STAR_INDEX_transcriptome --parametersFiles /opt/exceRptPipeline/4_prod/exceRptDB_v4/DATABASE/STAR_Parameters_Endogenous_smallRNA.in --alignEndsType Local --outFilterMatchNmin 18 --outFilterMatchNminOverLread 0.9 --outFilterMismatchNmax 1 --outFilterMismatchNoverLmax 0.3  --readFilesCommand - >> /scratch/wbJob-runExceRpt-AurVYL-1606/sample_GBM3_exosome_clean_fq.log 2>> /scratch/wbJob-runExceRpt-AurVYL-1606/sample_GBM3_exosome_clean_fq.err

Oct 17 17:27:54 ..... Started STAR run
Oct 17 17:27:54 ..... Loading genome
Oct 17 17:27:56 ..... Started mapping
Oct 17 17:31:10 ..... Finished successfully
2016-10-17--17:31:10 exceRpt_smallRNA: Finished mapping genome-aligned reads to the transcriptome of the primary organism

2016-10-17--17:31:14 exceRpt_smallRNA: Mapping genome-unaligned reads to the transcriptome of the primary organism:

2016-10-17--17:31:14 exceRpt_smallRNA: STAR --runThreadN 8 --outFileNamePrefix /scratch/wbJob-runExceRpt-AurVYL-1606/sample_GBM3_exosome_clean_fq/endogenousAlignments_genomeUnmapped_transcriptome_ --readFilesIn /scratch/wbJob-runExceRpt-AurVYL-1606/sample_GBM3_exosome_clean_fq/endogenousAlignments_genome_Unmapped.out.mate1 --outReadsUnmapped Fastx --genomeDir /opt/exceRptPipeline/4_prod/exceRptDB_v4/DATABASE/hg19/STAR_INDEX_transcriptome --parametersFiles /opt/exceRptPipeline/4_prod/exceRptDB_v4/DATABASE/STAR_Parameters_Endogenous_smallRNA.in --alignEndsType Local --outFilterMatchNmin 18 --outFilterMatchNminOverLread 0.9 --outFilterMismatchNmax 1 --outFilterMismatchNoverLmax 0.3  --readFilesCommand - >> /scratch/wbJob-runExceRpt-AurVYL-1606/sample_GBM3_exosome_clean_fq.log 2>> /scratch/wbJob-runExceRpt-AurVYL-1606/sample_GBM3_exosome_clean_fq.err

Oct 17 17:31:14 ..... Started STAR run
Oct 17 17:31:14 ..... Loading genome
Oct 17 17:31:17 ..... Started mapping
Oct 17 17:33:32 ..... Finished successfully
2016-10-17--17:33:32 exceRpt_smallRNA: Finished mapping genome-unaligned reads to the transcriptome of the primary organism

======================

2016-10-17--17:34:01 exceRpt_smallRNA: Performing CIGAR QC on endogenous genome alignments:

2016-10-17--17:34:01 exceRpt_smallRNA: java -Xmx30G -jar /opt/exceRptPipeline/4_prod/exceRpt_Tools.jar CIGAR_2_PWM -f /scratch/wbJob-runExceRpt-AurVYL-1606/sample_GBM3_exosome_clean_fq/endogenousAlignments_genome_Aligned.out.bam > /scratch/wbJob-runExceRpt-AurVYL-1606/sample_GBM3_exosome_clean_fq/endogenousAlignments_genome_Aligned.out.bam.CIGARstats.txt 2>> /scratch/wbJob-runExceRpt-AurVYL-1606/sample_GBM3_exosome_clean_fq.log
2016/10/17 17:34:54  SAM records read = 3759685
2016/10/17 17:34:54  max observed read length = 49
2016-10-17--17:34:54 exceRpt_smallRNA: Finished performing CIGAR QC on endogenous genome alignments

2016-10-17--17:34:54 exceRpt_smallRNA: Sorting endogenous transcriptome alignments:

2016-10-17--17:34:54 exceRpt_smallRNA: samtools sort -n -@ 8 -m 2G -O bam -T /scratch/wbJob-runExceRpt-AurVYL-1606/sample_GBM3_exosome_clean_fq/tmp /scratch/wbJob-runExceRpt-AurVYL-1606/sample_GBM3_exosome_clean_fq/endogenousAlignments_genomeMapped_transcriptome_Aligned.out.bam > /scratch/wbJob-runExceRpt-AurVYL-1606/sample_GBM3_exosome_clean_fq/endogenousAlignments_genomeMapped_transcriptome_Aligned.out.sorted.bam 2>> /scratch/wbJob-runExceRpt-AurVYL-1606/sample_GBM3_exosome_clean_fq.log
2016-10-17--17:37:06 exceRpt_smallRNA: Finished sorting endogenous transcriptome alignments

2016-10-17--17:37:06 exceRpt_smallRNA: Performing read-coverage QC on endogenous transcriptome alignments:

2016-10-17--17:37:06 exceRpt_smallRNA: java -Xmx30G -jar /opt/exceRptPipeline/4_prod/exceRpt_Tools.jar ReadCoverage -exceRpt -a /opt/exceRptPipeline/4_prod/exceRptDB_v4/DATABASE/hg19/gencodeAnnotation.gtf -f /scratch/wbJob-runExceRpt-AurVYL-1606/sample_GBM3_exosome_clean_fq/endogenousAlignments_genomeMapped_transcriptome_Aligned.out.sorted.bam 2>> /scratch/wbJob-runExceRpt-AurVYL-1606/sample_GBM3_exosome_clean_fq.log
2016/10/17 17:37:06  Reading GTF file...
2016/10/17 17:38:32  Done - Read 2619444 GTF entries corresponding to 57820 genes and 196520 transcripts
2016/10/17 17:38:33  Average annotated lengths:  5'UTR=136.0  CDS=699  3'UTR=303.0
2016/10/17 17:38:33  nBins:  5'UTR=23  CDS=124  3'UTR=53
2016/10/17 17:38:37  Reading reference sequences (transcripts)...
2016/10/17 17:38:44  N reference sequences (transcripts): 224730
2016/10/17 17:38:44  Adding read alignments...
2016/10/17 17:40:26  Writing read bins...
2016/10/17 17:40:41  Done
2016-10-17--17:40:42 exceRpt_smallRNA: Finished performing read-coverage QC on endogenous transcriptome alignments

======================

2016-10-17--17:40:42 exceRpt_smallRNA: Assigning and sorting reads:

2016-10-17--17:40:42 exceRpt_smallRNA: java -Xmx30G -jar /opt/exceRptPipeline/4_prod/exceRpt_Tools.jar ProcessEndogenousAlignments --libPriority miRNA,tRNA,piRNA,gencode,circRNA --genomeMappedReads /scratch/wbJob-runExceRpt-AurVYL-1606/sample_GBM3_exosome_clean_fq/endogenousAlignments_genomeMapped_transcriptome_Aligned.out.bam --transcriptomeMappedReads /scratch/wbJob-runExceRpt-AurVYL-1606/sample_GBM3_exosome_clean_fq/endogenousAlignments_genomeUnmapped_transcriptome_Aligned.out.bam --hairpin2genome /opt/exceRptPipeline/4_prod/exceRptDB_v4/DATABASE/hg19/miRNA_precursor2genome.sam --mature2hairpin /opt/exceRptPipeline/4_prod/exceRptDB_v4/DATABASE/hg19/miRNA_mature2precursor.sam --dict /scratch/wbJob-runExceRpt-AurVYL-1606/sample_GBM3_exosome_clean_fq/endogenousAlignments_Accepted.dict 2>> /scratch/wbJob-runExceRpt-AurVYL-1606/sample_GBM3_exosome_clean_fq.log | sort -k 2,2 -k 1,1 > /scratch/wbJob-runExceRpt-AurVYL-1606/sample_GBM3_exosome_clean_fq/endogenousAlignments_Accepted.txt

2016/10/17 17:40:42 Using default library priorities: miRNA > tRNA > piRNA > gencode > circRNA
2016/10/17 17:40:42 Reading miRNA annotation info
2016/10/17 17:40:43 Processing RNA-seq alignments
2016/10/17 17:40:43 Processing transcriptome alignments for genome-mapped reads...
2016/10/17 17:43:47 Processing transcriptome alignments for genome-UNmapped reads...
2016/10/17 17:43:54 Done!
2016-10-17--17:44:00 exceRpt_smallRNA: Finished assigning and sorting reads

2016-10-17--17:44:00 exceRpt_smallRNA: If requested, downsampling to NULL transcriptome alignments:

2016-10-17--17:44:00 exceRpt_smallRNA: 

2016-10-17--17:44:00 exceRpt_smallRNA: Finished downsampling transcriptome alignments

2016-10-17--17:44:00 exceRpt_smallRNA: Quantifying:

2016-10-17--17:44:00 exceRpt_smallRNA: java -Xmx30G -jar /opt/exceRptPipeline/4_prod/exceRpt_Tools.jar QuantifyEndogenousAlignments --dict /scratch/wbJob-runExceRpt-AurVYL-1606/sample_GBM3_exosome_clean_fq/endogenousAlignments_Accepted.dict --acceptedAlignments /scratch/wbJob-runExceRpt-AurVYL-1606/sample_GBM3_exosome_clean_fq/endogenousAlignments_Accepted.txt --outputPath /scratch/wbJob-runExceRpt-AurVYL-1606/sample_GBM3_exosome_clean_fq

2016/10/17 17:44:00 Reading alignments in: /scratch/wbJob-runExceRpt-AurVYL-1606/sample_GBM3_exosome_clean_fq/endogenousAlignments_Accepted.txt
2016/10/17 17:44:00 Using alignment dictionary: /scratch/wbJob-runExceRpt-AurVYL-1606/sample_GBM3_exosome_clean_fq/endogenousAlignments_Accepted.dict
2016/10/17 17:44:00 Writing results to: /scratch/wbJob-runExceRpt-AurVYL-1606/sample_GBM3_exosome_clean_fq
2016/10/17 17:44:00 Reading alignment dictionary...
2016/10/17 17:44:01 Reading alignments...
2016/10/17 17:44:24  - Read alignments for 308808 insert sequences
2016/10/17 17:44:24 Writing read counts...
2016/10/17 17:44:25 Done!
======================

2016-10-17--17:44:35 exceRpt_smallRNA: Mapping reads to repetitive elements in the host genome:

2016-10-17--17:44:35 exceRpt_smallRNA: STAR --runThreadN 8 --outFileNamePrefix /scratch/wbJob-runExceRpt-AurVYL-1606/sample_GBM3_exosome_clean_fq/endogenousAlignments_repetitiveElements_ --genomeDir /opt/exceRptPipeline/4_prod/exceRptDB_v4/DATABASE/hg19/STAR_INDEX_repetitiveElements --readFilesIn /scratch/wbJob-runExceRpt-AurVYL-1606/sample_GBM3_exosome_clean_fq/endogenousAlignments_genomeUnmapped_transcriptome_Unmapped.R1.fastq.gz --outReadsUnmapped Fastx --parametersFiles /opt/exceRptPipeline/4_prod/exceRptDB_v4/DATABASE/STAR_Parameters_Endogenous_smallRNA.in --alignEndsType Local --outFilterMatchNmin 18 --outFilterMatchNminOverLread 0.9 --outFilterMismatchNmax 1 --outFilterMismatchNoverLmax 0.3  >> /scratch/wbJob-runExceRpt-AurVYL-1606/sample_GBM3_exosome_clean_fq.log 2>> /scratch/wbJob-runExceRpt-AurVYL-1606/sample_GBM3_exosome_clean_fq.err

Oct 17 17:44:35 ..... Started STAR run
Oct 17 17:44:35 ..... Loading genome
Oct 17 17:44:55 ..... Started mapping
Oct 17 19:31:28 ..... Finished successfully
2016-10-17--19:31:28 exceRpt_smallRNA: Finished mapping to repetitive elements in the host genome

======================

2016-10-17--19:31:58 exceRpt_smallRNA: Aligning remaining reads to the genome allowing gaps 

2016-10-17--19:31:58 exceRpt_smallRNA: STAR --runThreadN 8 --outFileNamePrefix /scratch/wbJob-runExceRpt-AurVYL-1606/sample_GBM3_exosome_clean_fq/endogenousAlignments_genomeGapped_ --alignIntronMax 0 --alignIntronMin 21 --genomeDir /opt/exceRptPipeline/4_prod/exceRptDB_v4/DATABASE/hg19/STAR_INDEX_genome --readFilesIn /scratch/wbJob-runExceRpt-AurVYL-1606/sample_GBM3_exosome_clean_fq/endogenousAlignments_repetitiveElements_Unmapped.R1.fastq.gz --outReadsUnmapped Fastx --parametersFiles /opt/exceRptPipeline/4_prod/exceRptDB_v4/DATABASE/STAR_Parameters_Endogenous_smallRNA.in --alignEndsType Local --outFilterMatchNmin 18 --outFilterMatchNminOverLread 0.9 --outFilterMismatchNmax 1 --outFilterMismatchNoverLmax 0.3  >> /scratch/wbJob-runExceRpt-AurVYL-1606/sample_GBM3_exosome_clean_fq.log 2>> /scratch/wbJob-runExceRpt-AurVYL-1606/sample_GBM3_exosome_clean_fq.err

Oct 17 19:31:58 ..... Started STAR run
Oct 17 19:31:58 ..... Loading genome
Oct 17 19:32:12 ..... Started mapping
Oct 17 19:32:51 ..... Finished successfully
2016-10-17--19:32:51 exceRpt_smallRNA: Finished aligning remaining reads to the genome allowing gaps

======================

2016-10-17--19:33:17 exceRpt_smallRNA: Mapping reads to all miRNAs in miRBase:

2016-10-17--19:33:17 exceRpt_smallRNA: STAR --runThreadN 8 --outFileNamePrefix /scratch/wbJob-runExceRpt-AurVYL-1606/sample_GBM3_exosome_clean_fq/EXOGENOUS_miRNA/exogenous_miRBase_ --genomeDir /opt/exceRptPipeline/4_prod/exceRptDB_v4/DATABASE/miRBase/STAR_INDEX_miRBaseAll --readFilesIn /scratch/wbJob-runExceRpt-AurVYL-1606/sample_GBM3_exosome_clean_fq/endogenousAlignments_genomeGapped_Unmapped.R1.fastq.gz --outReadsUnmapped Fastx --parametersFiles /opt/exceRptPipeline/4_prod/exceRptDB_v4/DATABASE/STAR_Parameters_Exogenous.in --outSAMtype BAM Unsorted --outSAMattributes Standard --alignEndsType EndToEnd --outFilterMatchNmin 18 --outFilterMatchNminOverLread 1.0 --outFilterMismatchNmax 0 --outFilterMismatchNoverLmax 0.3  >> /scratch/wbJob-runExceRpt-AurVYL-1606/sample_GBM3_exosome_clean_fq.log 2>> /scratch/wbJob-runExceRpt-AurVYL-1606/sample_GBM3_exosome_clean_fq.err

Oct 17 19:33:17 ..... Started STAR run
Oct 17 19:33:17 ..... Loading genome
Oct 17 19:33:17 ..... Started mapping
Oct 17 19:33:37 ..... Finished successfully
2016-10-17--19:33:37 exceRpt_smallRNA: Finished mapping to all miRNAs in miRBase

2016-10-17--19:34:04 exceRpt_smallRNA: Assigning reads:

2016/10/17 19:34:04 Using default library priorities: miRNA > tRNA > piRNA > gencode > circRNA
2016/10/17 19:34:04 Reading miRNA annotation info
2016/10/17 19:34:08 Processing RNA-seq alignments
2016/10/17 19:34:08 Processing transcriptome alignments for genome-UNmapped reads...
2016/10/17 19:34:08 Done!
2016/10/17 19:34:09 Reading alignments in: /scratch/wbJob-runExceRpt-AurVYL-1606/sample_GBM3_exosome_clean_fq/EXOGENOUS_miRNA/exogenousAlignments_Accepted.txt
2016/10/17 19:34:09 Using alignment dictionary: /scratch/wbJob-runExceRpt-AurVYL-1606/sample_GBM3_exosome_clean_fq/EXOGENOUS_miRNA/exogenousAlignments_Accepted.dict
2016/10/17 19:34:09 Writing results to: /scratch/wbJob-runExceRpt-AurVYL-1606/sample_GBM3_exosome_clean_fq/EXOGENOUS_miRNA
2016/10/17 19:34:09 Reading alignment dictionary...
2016/10/17 19:34:09 Reading alignments...
2016/10/17 19:34:09  - Read alignments for 232 insert sequences
2016/10/17 19:34:09 Writing read counts...
2016/10/17 19:34:09 Done!
2016-10-17--19:34:09 exceRpt_smallRNA: Finished assigning reads

======================

2016-10-17--19:34:09 exceRpt_smallRNA: Mapping reads to rRNA sequences in RDP (a.k.a. ribosome DB):

2016-10-17--19:34:09 exceRpt_smallRNA: STAR --runThreadN 8 --outFileNamePrefix /scratch/wbJob-runExceRpt-AurVYL-1606/sample_GBM3_exosome_clean_fq/EXOGENOUS_rRNA/exogenous_rRNA_ --genomeDir /opt/exceRptPipeline/4_prod/exceRptDB_v4/DATABASE/ribosomeDatabase/exogenous_rRNAs --readFilesIn /scratch/wbJob-runExceRpt-AurVYL-1606/sample_GBM3_exosome_clean_fq/EXOGENOUS_miRNA/exogenous_miRBase_Unmapped.R1.fastq.gz --outReadsUnmapped Fastx --parametersFiles /opt/STAR/2.4.2a/indexes/STAR_Parameters_Exogenous.in --outSAMtype BAM Unsorted --outSAMattributes Standard --alignEndsType EndToEnd --outFilterMatchNmin 18 --outFilterMatchNminOverLread 1.0 --outFilterMismatchNmax 0 --outFilterMismatchNoverLmax 0.3  >> /scratch/wbJob-runExceRpt-AurVYL-1606/sample_GBM3_exosome_clean_fq.log

Oct 17 19:34:09 ..... Started STAR run
Oct 17 19:34:09 ..... Loading genome
Oct 17 19:34:37 ..... Started mapping
Oct 17 20:32:26 ..... Finished successfully
2016-10-17--20:32:51 exceRpt_smallRNA: Finished mapping to rRNA sequences in RDP

======================

2016-10-17--20:32:51 exceRpt_smallRNA: Resolving and quantifying rRNA alignments


2016-10-17--20:32:51 exceRpt_smallRNA: samtools view /scratch/wbJob-runExceRpt-AurVYL-1606/sample_GBM3_exosome_clean_fq/EXOGENOUS_rRNA/exogenous_rRNA_Aligned.out.bam | awk '{print ,,,,0}' | sort -k 1,1 -k 2,2 | uniq > /scratch/wbJob-runExceRpt-AurVYL-1606/sample_GBM3_exosome_clean_fq/EXOGENOUS_rRNA/ExogenousRibosomalAlignments.txt 2>> /scratch/wbJob-runExceRpt-AurVYL-1606/sample_GBM3_exosome_clean_fq.log


2016-10-17--20:32:57 exceRpt_smallRNA: java -Xmx30G -jar /opt/exceRptPipeline/4_prod/exceRpt_Tools.jar ProcessExogenousAlignments -taxonomyPath /opt/exceRptPipeline/4_prod/exceRptDB_v4/DATABASE/NCBI_taxonomy_taxdump -min 0.001 -frac 0.95 --minReads 3 -batchSize 20000 -alignments /scratch/wbJob-runExceRpt-AurVYL-1606/sample_GBM3_exosome_clean_fq/EXOGENOUS_rRNA/ExogenousRibosomalAlignments.txt --rdp > /scratch/wbJob-runExceRpt-AurVYL-1606/sample_GBM3_exosome_clean_fq/EXOGENOUS_rRNA/ExogenousRibosomalAlignments.tmp 2>> /scratch/wbJob-runExceRpt-AurVYL-1606/sample_GBM3_exosome_clean_fq.log

2016/10/17 20:32:57  Summarising alignments in: '/scratch/wbJob-runExceRpt-AurVYL-1606/sample_GBM3_exosome_clean_fq/EXOGENOUS_rRNA/ExogenousRibosomalAlignments.txt'
2016/10/17 20:32:57              in batches of: 20000 reads
2016/10/17 20:32:57          using taxonomy in: '/opt/exceRptPipeline/4_prod/exceRptDB_v4/DATABASE/NCBI_taxonomy_taxdump', minFraction=0.95, top-down:false, for alignments above 0.0010% of total reads
2016/10/17 20:32:57  Reading taxonomy: node names
2016/10/17 20:33:12  Reading taxonomy: node hierarchy
2016/10/17 20:33:16  Reading alignments...
2016/10/17 20:43:58  Processing alignments in batch 1
2016/10/17 20:43:58   - Detected 550288 possible species from 20000 aligned reads (minReads=0)
2016/10/17 20:52:56   - Done. Suppressed 0 total reads (0.0% of input reads) due to minimum read requirement.
2016/10/17 20:52:56  Reading alignments...
2016/10/17 21:04:44  Processing alignments in batch 2
2016/10/17 21:04:44   - Detected 567694 possible species from 20000 aligned reads (minReads=0)
2016/10/17 21:13:48   - Done. Suppressed 0 total reads (0.0% of input reads) due to minimum read requirement.
2016/10/17 21:13:48  Reading alignments...
2016/10/17 21:15:35  Processing alignments in batch 3
2016/10/17 21:15:35   - Detected 510184 possible species from 4446 aligned reads (minReads=0)
2016/10/17 21:18:44   - Done. Suppressed 0 total reads (0.0% of input reads) due to minimum read requirement.
2016/10/17 21:18:44  Reading alignments...
2016/10/17 21:18:44  Quantifying
2016/10/17 21:18:44  Done
2016-10-17--21:18:45 exceRpt_smallRNA: Finished resolving and quantifying rRNA alignments

2016-10-17--21:18:45 exceRpt_smallRNA: END smallRNA-seq Pipeline for sample sample_GBM3_exosome_clean_fq
======================

