2016-10-17--17:01:28 exceRpt_smallRNA: BEGIN exceRpt smallRNA-seq pipeline v.4.6.2 for sample sample_GBM1_exosome_clean_fq
======================

2016-10-17--17:01:28 exceRpt_smallRNA: Created results dir: /scratch/wbJob-runExceRpt-zNcF69-1430/sample_GBM1_exosome_clean_fq

======================

2016-10-17--17:01:28 exceRpt_smallRNA: Processing adapter sequence:

2016-10-17--17:01:28 exceRpt_smallRNA: echo AGATCGGAAGAGCACACGTCT > /scratch/wbJob-runExceRpt-zNcF69-1430/sample_GBM1_exosome_clean_fq/sample_GBM1_exosome_clean_fq.adapterSeq

======================

2016-10-17--17:01:28 exceRpt_smallRNA: Guessing encoding of fastq read-qualities:

2016-10-17--17:01:28 exceRpt_smallRNA: cat /scratch/wbJob-runExceRpt-zNcF69-1430/GBM1_exosome_clean.fq | head -n 40000 | awk '{if(NR%4==0) printf(%s,/bin/sh);}' | od -A n -t u1 | grep -v ^* | awk 'BEGIN{min=100;max=0;}{for(i=1;i<=NF;i++) {if(>max) max=; if(<min) min=;}}END{if(max<84) print 33; else print 64;}' > /scratch/wbJob-runExceRpt-zNcF69-1430/sample_GBM1_exosome_clean_fq/sample_GBM1_exosome_clean_fq.qualityEncoding

2016-10-17--17:01:28 exceRpt_smallRNA: Finished guessing encoding of fastq read-qualities:

======================

2016-10-17--17:01:28 exceRpt_smallRNA: Checking adapter against known sequences: cat /scratch/wbJob-runExceRpt-zNcF69-1430/GBM1_exosome_clean.fq 2>> /scratch/wbJob-runExceRpt-zNcF69-1430/sample_GBM1_exosome_clean_fq.err | java -Xmx30G -jar /opt/exceRptPipeline/4_prod/exceRpt_Tools.jar FindAdapter -n 1000 -m 100000 -s 4 -a /opt/exceRptPipeline/4_prod/exceRptDB_v4/DATABASE/adapters/adapters.fa - > /scratch/wbJob-runExceRpt-zNcF69-1430/sample_GBM1_exosome_clean_fq/sample_GBM1_exosome_clean_fq.knownAdapterSeq 2>> /scratch/wbJob-runExceRpt-zNcF69-1430/sample_GBM1_exosome_clean_fq.log

2016/10/17 17:01:29  Searching for best of 7 potential adapter sequences
2016/10/17 17:01:29  
2016/10/17 17:01:29  FOUND! Most likely adapter (after 1000 reads): TruSeq_adapter_p7_OR_NEB_smallRNA_3p: AGATCGGAAGAGCACACGTCTGAACTCCAGTCAC
2016/10/17 17:01:29         with an average alignment score of 20.99 (34.4x higher than the next best adapter: TruSeq_smallRNA_3p: TGGAATTCTCGGGTGCCAAGG)
======================

2016-10-17--17:01:29 exceRpt_smallRNA: Provided/guessed adapter sequence: AGATCGGAAGAGCACACGTCT
2016-10-17--17:01:29 exceRpt_smallRNA: 2016-10-17--17:01:29 exceRpt_smallRNA: Provided 3' adapter sequence. Removing 3' adapter sequence using fastX:

2016-10-17--17:01:29 exceRpt_smallRNA: cat /scratch/wbJob-runExceRpt-zNcF69-1430/GBM1_exosome_clean.fq > /scratch/wbJob-runExceRpt-zNcF69-1430/sample_GBM1_exosome_clean_fq/sample_GBM1_exosome_clean_fq.preClipped.fastq.tmp; fastx_clipper  -Q64 -a AGATCGGAAGAGCACACGTCT -l 18 -v -n -M 7 -i /scratch/wbJob-runExceRpt-zNcF69-1430/sample_GBM1_exosome_clean_fq/sample_GBM1_exosome_clean_fq.preClipped.fastq.tmp -z -o /scratch/wbJob-runExceRpt-zNcF69-1430/sample_GBM1_exosome_clean_fq/sample_GBM1_exosome_clean_fq.clipped.fastq.tmp.gz >> /scratch/wbJob-runExceRpt-zNcF69-1430/sample_GBM1_exosome_clean_fq.log 2>> /scratch/wbJob-runExceRpt-zNcF69-1430/sample_GBM1_exosome_clean_fq.err; rm /scratch/wbJob-runExceRpt-zNcF69-1430/sample_GBM1_exosome_clean_fq/sample_GBM1_exosome_clean_fq.preClipped.fastq.tmp

Clipping Adapter: AGATCGGAAGAGCACACGTCT
Min. Length: 18
Input: 15397700 reads.
Output: 15290418 reads.
discarded 88663 too-short reads.
discarded 18619 adapter-only reads.
2016-10-17--17:10:38 exceRpt_smallRNA: Finished removing adapters

2016-10-17--17:10:38 exceRpt_smallRNA: Removing 0N random barcode:

2016-10-17--17:10:38 exceRpt_smallRNA: mv /scratch/wbJob-runExceRpt-zNcF69-1430/sample_GBM1_exosome_clean_fq/sample_GBM1_exosome_clean_fq.clipped.fastq.tmp.gz /scratch/wbJob-runExceRpt-zNcF69-1430/sample_GBM1_exosome_clean_fq/sample_GBM1_exosome_clean_fq.clipped.fastq.gz

2016-10-17--17:10:38 exceRpt_smallRNA: Finished removing random barcode

======================

2016-10-17--17:10:38 exceRpt_smallRNA: Trimming 0 bases from the 5' and 0 bases from the 3' of all reads:

2016-10-17--17:10:38 exceRpt_smallRNA: gunzip -c /scratch/wbJob-runExceRpt-zNcF69-1430/sample_GBM1_exosome_clean_fq/sample_GBM1_exosome_clean_fq.clipped.fastq.gz | java -Xmx30G -jar /opt/exceRptPipeline/4_prod/exceRpt_Tools.jar TrimFastq -5p 0 -3p 0 | gzip -c > /scratch/wbJob-runExceRpt-zNcF69-1430/sample_GBM1_exosome_clean_fq/sample_GBM1_exosome_clean_fq.clipped.trimmed.fastq.gz 2>>/scratch/wbJob-runExceRpt-zNcF69-1430/sample_GBM1_exosome_clean_fq.log

2016-10-17--17:12:54 exceRpt_smallRNA: Finished trimming bases from the 5' and 3' end of all reads

======================

2016-10-17--17:12:54 exceRpt_smallRNA: Filtering reads by base quality:

2016-10-17--17:12:54 exceRpt_smallRNA: gunzip -c /scratch/wbJob-runExceRpt-zNcF69-1430/sample_GBM1_exosome_clean_fq/sample_GBM1_exosome_clean_fq.clipped.trimmed.fastq.gz | fastq_quality_filter -v -Q64 -p 80 -q 20 > /scratch/wbJob-runExceRpt-zNcF69-1430/sample_GBM1_exosome_clean_fq/sample_GBM1_exosome_clean_fq.clipped.trimmed.filtered.tmp

Quality cut-off: 20
Minimum percentage: 80
Input: 15290418 reads.
Output: 15146585 reads.
discarded 143833 (0%) low-quality reads.
2016-10-17--17:14:26 exceRpt_smallRNA: Finished filtering reads by base quality

======================

2016-10-17--17:14:26 exceRpt_smallRNA: Filtering homopolymer repeat reads:

2016-10-17--17:14:26 exceRpt_smallRNA: java -Xmx30G -jar /opt/exceRptPipeline/4_prod/exceRpt_Tools.jar RemoveHomopolymerRepeats -m 0.66 -i /scratch/wbJob-runExceRpt-zNcF69-1430/sample_GBM1_exosome_clean_fq/sample_GBM1_exosome_clean_fq.clipped.trimmed.filtered.tmp -o /scratch/wbJob-runExceRpt-zNcF69-1430/sample_GBM1_exosome_clean_fq/sample_GBM1_exosome_clean_fq.clipped.trimmed.filtered.fastq


Done.  Sequences removed=33599
2016-10-17--17:17:27 exceRpt_smallRNA: Finished filtering homopolymer repeat reads

======================
2016-10-17--17:17:27 exceRpt_smallRNA: Calculating length distribution of clipped reads:

2016-10-17--17:17:27 exceRpt_smallRNA: java -Xmx30G -jar /opt/exceRptPipeline/4_prod/exceRpt_Tools.jar GetSequenceLengths /scratch/wbJob-runExceRpt-zNcF69-1430/sample_GBM1_exosome_clean_fq/sample_GBM1_exosome_clean_fq.clipped.trimmed.filtered.fastq > /scratch/wbJob-runExceRpt-zNcF69-1430/sample_GBM1_exosome_clean_fq/sample_GBM1_exosome_clean_fq.clipped.trimmed.filtered.readLengths.txt 2>> /scratch/wbJob-runExceRpt-zNcF69-1430/sample_GBM1_exosome_clean_fq.err

2016-10-17--17:17:54 exceRpt_smallRNA: Finished calculating read-lengths

======================
2016-10-17--17:17:54 exceRpt_smallRNA: Running FastQC on clipped reads:

2016-10-17--17:17:54 exceRpt_smallRNA: java -classpath /opt/FastQC/0.11.2:/opt/FastQC/0.11.2/sam-1.103.jar:/opt/FastQC/0.11.2/jbzip2-0.9.jar -Xmx30G -Dfastqc.threads=8 -Dfastqc.unzip=false -Dfastqc.output_dir=/scratch/wbJob-runExceRpt-zNcF69-1430/sample_GBM1_exosome_clean_fq/ uk/ac/bbsrc/babraham/FastQC/FastQCApplication /scratch/wbJob-runExceRpt-zNcF69-1430/sample_GBM1_exosome_clean_fq/sample_GBM1_exosome_clean_fq.clipped.trimmed.filtered.fastq.gz >> /scratch/wbJob-runExceRpt-zNcF69-1430/sample_GBM1_exosome_clean_fq.log 2>> /scratch/wbJob-runExceRpt-zNcF69-1430/sample_GBM1_exosome_clean_fq.err

Analysis complete for sample_GBM1_exosome_clean_fq.clipped.trimmed.filtered.fastq.gz
2016-10-17--17:19:10 exceRpt_smallRNA: Finished running FastQC

======================

2016-10-17--17:19:10 exceRpt_smallRNA: No calibrator sequences
 
2016-10-17--17:19:10 exceRpt_smallRNA: 
2016-10-17--17:19:10 exceRpt_smallRNA: Moving on to UniVec and rRNA sequences

======================

2016-10-17--17:19:10 exceRpt_smallRNA: Mapping reads to contaminant sequences in UniVec using STAR:

2016-10-17--17:19:10 exceRpt_smallRNA: STAR --runThreadN 8 --outFileNamePrefix /scratch/wbJob-runExceRpt-zNcF69-1430/sample_GBM1_exosome_clean_fq/filteringAlignments_UniVec_ --genomeDir /opt/exceRptPipeline/4_prod/exceRptDB_v4/DATABASE/UniVec/STAR_INDEX_UniVec --readFilesIn /scratch/wbJob-runExceRpt-zNcF69-1430/sample_GBM1_exosome_clean_fq/sample_GBM1_exosome_clean_fq.clipped.trimmed.filtered.fastq.gz --outReadsUnmapped Fastx --parametersFiles /opt/exceRptPipeline/4_prod/exceRptDB_v4/DATABASE/STAR_Parameters_Endogenous_smallRNA.in --alignEndsType Local --outFilterMatchNmin 18 --outFilterMatchNminOverLread 0.9 --outFilterMismatchNmax 1 --outFilterMismatchNoverLmax 0.3  >> /scratch/wbJob-runExceRpt-zNcF69-1430/sample_GBM1_exosome_clean_fq.log 2>> /scratch/wbJob-runExceRpt-zNcF69-1430/sample_GBM1_exosome_clean_fq.err; samtools view /scratch/wbJob-runExceRpt-zNcF69-1430/sample_GBM1_exosome_clean_fq/filteringAlignments_UniVec_Aligned.out.bam | awk '{print }' | sort -k 2,2 2>> /scratch/wbJob-runExceRpt-zNcF69-1430/sample_GBM1_exosome_clean_fq.err | uniq --count > /scratch/wbJob-runExceRpt-zNcF69-1430/sample_GBM1_exosome_clean_fq/sample_GBM1_exosome_clean_fq.clipped.trimmed.filtered.uniVecContaminants.counts 2>> /scratch/wbJob-runExceRpt-zNcF69-1430/sample_GBM1_exosome_clean_fq.err; samtools view /scratch/wbJob-runExceRpt-zNcF69-1430/sample_GBM1_exosome_clean_fq/filteringAlignments_UniVec_Aligned.out.bam | awk '{print }' | sort 2>> /scratch/wbJob-runExceRpt-zNcF69-1430/sample_GBM1_exosome_clean_fq.err | uniq -c | wc -l > /scratch/wbJob-runExceRpt-zNcF69-1430/sample_GBM1_exosome_clean_fq/sample_GBM1_exosome_clean_fq.clipped.trimmed.filtered.uniVecContaminants.readCount 2>> /scratch/wbJob-runExceRpt-zNcF69-1430/sample_GBM1_exosome_clean_fq.err; gzip -c /scratch/wbJob-runExceRpt-zNcF69-1430/sample_GBM1_exosome_clean_fq/filteringAlignments_UniVec_Unmapped.out.mate1 > /scratch/wbJob-runExceRpt-zNcF69-1430/sample_GBM1_exosome_clean_fq/sample_GBM1_exosome_clean_fq.clipped.trimmed.filtered.noUniVecContaminants.fastq.gz; rm /scratch/wbJob-runExceRpt-zNcF69-1430/sample_GBM1_exosome_clean_fq/filteringAlignments_UniVec_Unmapped.out.mate1

Oct 17 17:19:10 ..... Started STAR run
Oct 17 17:19:10 ..... Loading genome
Oct 17 17:19:10 ..... Started mapping
Oct 17 17:20:56 ..... Finished successfully
2016-10-17--17:23:47 exceRpt_smallRNA: Finished mapping to the UniVec contaminant DB

======================

2016-10-17--17:23:47 exceRpt_smallRNA: Mapping reads to ribosomal RNA sequences using STAR:

2016-10-17--17:23:47 exceRpt_smallRNA: STAR --runThreadN 8 --outFileNamePrefix /scratch/wbJob-runExceRpt-zNcF69-1430/sample_GBM1_exosome_clean_fq/filteringAlignments_rRNA_ --genomeDir /opt/exceRptPipeline/4_prod/exceRptDB_v4/DATABASE/hg19/STAR_INDEX_rRNA --readFilesIn /scratch/wbJob-runExceRpt-zNcF69-1430/sample_GBM1_exosome_clean_fq/sample_GBM1_exosome_clean_fq.clipped.trimmed.filtered.noUniVecContaminants.fastq.gz --outReadsUnmapped Fastx --parametersFiles /opt/exceRptPipeline/4_prod/exceRptDB_v4/DATABASE/STAR_Parameters_Endogenous_smallRNA.in --alignEndsType Local --outFilterMatchNmin 18 --outFilterMatchNminOverLread 0.9 --outFilterMismatchNmax 1 --outFilterMismatchNoverLmax 0.3  >> /scratch/wbJob-runExceRpt-zNcF69-1430/sample_GBM1_exosome_clean_fq.log 2>> /scratch/wbJob-runExceRpt-zNcF69-1430/sample_GBM1_exosome_clean_fq.err; samtools view /scratch/wbJob-runExceRpt-zNcF69-1430/sample_GBM1_exosome_clean_fq/filteringAlignments_rRNA_Aligned.out.bam | awk '{print }' | sort -k 2,2 2>> /scratch/wbJob-runExceRpt-zNcF69-1430/sample_GBM1_exosome_clean_fq.err | uniq -c > /scratch/wbJob-runExceRpt-zNcF69-1430/sample_GBM1_exosome_clean_fq/sample_GBM1_exosome_clean_fq.clipped.trimmed.filtered.rRNA.counts 2>> /scratch/wbJob-runExceRpt-zNcF69-1430/sample_GBM1_exosome_clean_fq.err; samtools view /scratch/wbJob-runExceRpt-zNcF69-1430/sample_GBM1_exosome_clean_fq/filteringAlignments_rRNA_Aligned.out.bam | awk '{print }' | sort 2>> /scratch/wbJob-runExceRpt-zNcF69-1430/sample_GBM1_exosome_clean_fq.err | uniq -c | wc -l > /scratch/wbJob-runExceRpt-zNcF69-1430/sample_GBM1_exosome_clean_fq/sample_GBM1_exosome_clean_fq.clipped.trimmed.filtered.rRNA.readCount 2>> /scratch/wbJob-runExceRpt-zNcF69-1430/sample_GBM1_exosome_clean_fq.err; gzip -c /scratch/wbJob-runExceRpt-zNcF69-1430/sample_GBM1_exosome_clean_fq/filteringAlignments_rRNA_Unmapped.out.mate1 > /scratch/wbJob-runExceRpt-zNcF69-1430/sample_GBM1_exosome_clean_fq/sample_GBM1_exosome_clean_fq.clipped.trimmed.filtered.noRiboRNA.fastq.gz; rm /scratch/wbJob-runExceRpt-zNcF69-1430/sample_GBM1_exosome_clean_fq/filteringAlignments_rRNA_Unmapped.out.mate1

Oct 17 17:23:47 ..... Started STAR run
Oct 17 17:23:48 ..... Loading genome
Oct 17 17:23:48 ..... Started mapping
Oct 17 17:25:42 ..... Finished successfully
2016-10-17--17:28:27 exceRpt_smallRNA: Finished mapping to the rRNAs

======================
2016-10-17--17:28:27 exceRpt_smallRNA: Running FastQC on cleaned reads:

2016-10-17--17:28:27 exceRpt_smallRNA: java -classpath /opt/FastQC/0.11.2:/opt/FastQC/0.11.2/sam-1.103.jar:/opt/FastQC/0.11.2/jbzip2-0.9.jar -Xmx30G -Dfastqc.threads=8 -Dfastqc.unzip=false -Dfastqc.output_dir=/scratch/wbJob-runExceRpt-zNcF69-1430/sample_GBM1_exosome_clean_fq/ uk/ac/bbsrc/babraham/FastQC/FastQCApplication /scratch/wbJob-runExceRpt-zNcF69-1430/sample_GBM1_exosome_clean_fq/sample_GBM1_exosome_clean_fq.clipped.trimmed.filtered.noRiboRNA.fastq.gz >> /scratch/wbJob-runExceRpt-zNcF69-1430/sample_GBM1_exosome_clean_fq.log 2>> /scratch/wbJob-runExceRpt-zNcF69-1430/sample_GBM1_exosome_clean_fq.err

Analysis complete for sample_GBM1_exosome_clean_fq.clipped.trimmed.filtered.noRiboRNA.fastq.gz
2016-10-17--17:29:13 exceRpt_smallRNA: Finished running FastQC

======================

2016-10-17--17:29:13 exceRpt_smallRNA: Mapping reads to the genome of the primary organism:

2016-10-17--17:29:13 exceRpt_smallRNA: STAR --runThreadN 8 --outFileNamePrefix /scratch/wbJob-runExceRpt-zNcF69-1430/sample_GBM1_exosome_clean_fq/endogenousAlignments_genome_ --genomeDir /opt/exceRptPipeline/4_prod/exceRptDB_v4/DATABASE/hg19/STAR_INDEX_genome --readFilesIn /scratch/wbJob-runExceRpt-zNcF69-1430/sample_GBM1_exosome_clean_fq/sample_GBM1_exosome_clean_fq.clipped.trimmed.filtered.noRiboRNA.fastq.gz --outReadsUnmapped Fastx --parametersFiles /opt/exceRptPipeline/4_prod/exceRptDB_v4/DATABASE/STAR_Parameters_Endogenous_smallRNA.in --alignEndsType Local --outFilterMatchNmin 18 --outFilterMatchNminOverLread 0.9 --outFilterMismatchNmax 1 --outFilterMismatchNoverLmax 0.3  >> /scratch/wbJob-runExceRpt-zNcF69-1430/sample_GBM1_exosome_clean_fq.log 2>> /scratch/wbJob-runExceRpt-zNcF69-1430/sample_GBM1_exosome_clean_fq.err

Oct 17 17:29:13 ..... Started STAR run
Oct 17 17:29:13 ..... Loading genome
Oct 17 17:29:28 ..... Started mapping
Oct 17 17:31:19 ..... Finished successfully
2016-10-17--17:31:19 exceRpt_smallRNA: Finished mapping to the genome of the primary organism

======================

2016-10-17--17:31:40 exceRpt_smallRNA: Mapping genome-aligned reads to the transcriptome of the primary organism:

2016-10-17--17:31:40 exceRpt_smallRNA: STAR --runThreadN 8 --outFileNamePrefix /scratch/wbJob-runExceRpt-zNcF69-1430/sample_GBM1_exosome_clean_fq/endogenousAlignments_genomeMapped_transcriptome_ --readFilesIn /scratch/wbJob-runExceRpt-zNcF69-1430/sample_GBM1_exosome_clean_fq/endogenousAlignments_genome_Mapped.out.mate1 --genomeDir /opt/exceRptPipeline/4_prod/exceRptDB_v4/DATABASE/hg19/STAR_INDEX_transcriptome --parametersFiles /opt/exceRptPipeline/4_prod/exceRptDB_v4/DATABASE/STAR_Parameters_Endogenous_smallRNA.in --alignEndsType Local --outFilterMatchNmin 18 --outFilterMatchNminOverLread 0.9 --outFilterMismatchNmax 1 --outFilterMismatchNoverLmax 0.3  --readFilesCommand - >> /scratch/wbJob-runExceRpt-zNcF69-1430/sample_GBM1_exosome_clean_fq.log 2>> /scratch/wbJob-runExceRpt-zNcF69-1430/sample_GBM1_exosome_clean_fq.err

Oct 17 17:31:40 ..... Started STAR run
Oct 17 17:31:40 ..... Loading genome
Oct 17 17:31:43 ..... Started mapping
Oct 17 17:36:18 ..... Finished successfully
2016-10-17--17:36:18 exceRpt_smallRNA: Finished mapping genome-aligned reads to the transcriptome of the primary organism

2016-10-17--17:36:21 exceRpt_smallRNA: Mapping genome-unaligned reads to the transcriptome of the primary organism:

2016-10-17--17:36:21 exceRpt_smallRNA: STAR --runThreadN 8 --outFileNamePrefix /scratch/wbJob-runExceRpt-zNcF69-1430/sample_GBM1_exosome_clean_fq/endogenousAlignments_genomeUnmapped_transcriptome_ --readFilesIn /scratch/wbJob-runExceRpt-zNcF69-1430/sample_GBM1_exosome_clean_fq/endogenousAlignments_genome_Unmapped.out.mate1 --outReadsUnmapped Fastx --genomeDir /opt/exceRptPipeline/4_prod/exceRptDB_v4/DATABASE/hg19/STAR_INDEX_transcriptome --parametersFiles /opt/exceRptPipeline/4_prod/exceRptDB_v4/DATABASE/STAR_Parameters_Endogenous_smallRNA.in --alignEndsType Local --outFilterMatchNmin 18 --outFilterMatchNminOverLread 0.9 --outFilterMismatchNmax 1 --outFilterMismatchNoverLmax 0.3  --readFilesCommand - >> /scratch/wbJob-runExceRpt-zNcF69-1430/sample_GBM1_exosome_clean_fq.log 2>> /scratch/wbJob-runExceRpt-zNcF69-1430/sample_GBM1_exosome_clean_fq.err

Oct 17 17:36:21 ..... Started STAR run
Oct 17 17:36:21 ..... Loading genome
Oct 17 17:36:23 ..... Started mapping
Oct 17 17:39:01 ..... Finished successfully
2016-10-17--17:39:01 exceRpt_smallRNA: Finished mapping genome-unaligned reads to the transcriptome of the primary organism

======================

2016-10-17--17:39:34 exceRpt_smallRNA: Performing CIGAR QC on endogenous genome alignments:

2016-10-17--17:39:34 exceRpt_smallRNA: java -Xmx30G -jar /opt/exceRptPipeline/4_prod/exceRpt_Tools.jar CIGAR_2_PWM -f /scratch/wbJob-runExceRpt-zNcF69-1430/sample_GBM1_exosome_clean_fq/endogenousAlignments_genome_Aligned.out.bam > /scratch/wbJob-runExceRpt-zNcF69-1430/sample_GBM1_exosome_clean_fq/endogenousAlignments_genome_Aligned.out.bam.CIGARstats.txt 2>> /scratch/wbJob-runExceRpt-zNcF69-1430/sample_GBM1_exosome_clean_fq.log
2016/10/17 17:40:53  SAM records read = 5749608
2016/10/17 17:40:53  max observed read length = 49
2016-10-17--17:40:53 exceRpt_smallRNA: Finished performing CIGAR QC on endogenous genome alignments

2016-10-17--17:40:53 exceRpt_smallRNA: Sorting endogenous transcriptome alignments:

2016-10-17--17:40:53 exceRpt_smallRNA: samtools sort -n -@ 8 -m 2G -O bam -T /scratch/wbJob-runExceRpt-zNcF69-1430/sample_GBM1_exosome_clean_fq/tmp /scratch/wbJob-runExceRpt-zNcF69-1430/sample_GBM1_exosome_clean_fq/endogenousAlignments_genomeMapped_transcriptome_Aligned.out.bam > /scratch/wbJob-runExceRpt-zNcF69-1430/sample_GBM1_exosome_clean_fq/endogenousAlignments_genomeMapped_transcriptome_Aligned.out.sorted.bam 2>> /scratch/wbJob-runExceRpt-zNcF69-1430/sample_GBM1_exosome_clean_fq.log
2016-10-17--17:44:12 exceRpt_smallRNA: Finished sorting endogenous transcriptome alignments

2016-10-17--17:44:12 exceRpt_smallRNA: Performing read-coverage QC on endogenous transcriptome alignments:

2016-10-17--17:44:12 exceRpt_smallRNA: java -Xmx30G -jar /opt/exceRptPipeline/4_prod/exceRpt_Tools.jar ReadCoverage -exceRpt -a /opt/exceRptPipeline/4_prod/exceRptDB_v4/DATABASE/hg19/gencodeAnnotation.gtf -f /scratch/wbJob-runExceRpt-zNcF69-1430/sample_GBM1_exosome_clean_fq/endogenousAlignments_genomeMapped_transcriptome_Aligned.out.sorted.bam 2>> /scratch/wbJob-runExceRpt-zNcF69-1430/sample_GBM1_exosome_clean_fq.log
2016/10/17 17:44:12  Reading GTF file...
2016/10/17 17:45:37  Done - Read 2619444 GTF entries corresponding to 57820 genes and 196520 transcripts
2016/10/17 17:45:38  Average annotated lengths:  5'UTR=136.0  CDS=699  3'UTR=303.0
2016/10/17 17:45:38  nBins:  5'UTR=23  CDS=124  3'UTR=53
2016/10/17 17:45:42  Reading reference sequences (transcripts)...
2016/10/17 17:45:49  N reference sequences (transcripts): 224730
2016/10/17 17:45:49  Adding read alignments...
2016/10/17 17:47:53  Writing read bins...
2016/10/17 17:48:08  Done
2016-10-17--17:48:08 exceRpt_smallRNA: Finished performing read-coverage QC on endogenous transcriptome alignments

======================

2016-10-17--17:48:08 exceRpt_smallRNA: Assigning and sorting reads:

2016-10-17--17:48:08 exceRpt_smallRNA: java -Xmx30G -jar /opt/exceRptPipeline/4_prod/exceRpt_Tools.jar ProcessEndogenousAlignments --libPriority miRNA,tRNA,piRNA,gencode,circRNA --genomeMappedReads /scratch/wbJob-runExceRpt-zNcF69-1430/sample_GBM1_exosome_clean_fq/endogenousAlignments_genomeMapped_transcriptome_Aligned.out.bam --transcriptomeMappedReads /scratch/wbJob-runExceRpt-zNcF69-1430/sample_GBM1_exosome_clean_fq/endogenousAlignments_genomeUnmapped_transcriptome_Aligned.out.bam --hairpin2genome /opt/exceRptPipeline/4_prod/exceRptDB_v4/DATABASE/hg19/miRNA_precursor2genome.sam --mature2hairpin /opt/exceRptPipeline/4_prod/exceRptDB_v4/DATABASE/hg19/miRNA_mature2precursor.sam --dict /scratch/wbJob-runExceRpt-zNcF69-1430/sample_GBM1_exosome_clean_fq/endogenousAlignments_Accepted.dict 2>> /scratch/wbJob-runExceRpt-zNcF69-1430/sample_GBM1_exosome_clean_fq.log | sort -k 2,2 -k 1,1 > /scratch/wbJob-runExceRpt-zNcF69-1430/sample_GBM1_exosome_clean_fq/endogenousAlignments_Accepted.txt

2016/10/17 17:48:09 Using default library priorities: miRNA > tRNA > piRNA > gencode > circRNA
2016/10/17 17:48:09 Reading miRNA annotation info
2016/10/17 17:48:09 Processing RNA-seq alignments
2016/10/17 17:48:09 Processing transcriptome alignments for genome-mapped reads...
2016/10/17 17:52:30 Processing transcriptome alignments for genome-UNmapped reads...
2016/10/17 17:52:37 Done!
2016-10-17--17:52:47 exceRpt_smallRNA: Finished assigning and sorting reads

2016-10-17--17:52:47 exceRpt_smallRNA: If requested, downsampling to NULL transcriptome alignments:

2016-10-17--17:52:47 exceRpt_smallRNA: 

2016-10-17--17:52:47 exceRpt_smallRNA: Finished downsampling transcriptome alignments

2016-10-17--17:52:47 exceRpt_smallRNA: Quantifying:

2016-10-17--17:52:47 exceRpt_smallRNA: java -Xmx30G -jar /opt/exceRptPipeline/4_prod/exceRpt_Tools.jar QuantifyEndogenousAlignments --dict /scratch/wbJob-runExceRpt-zNcF69-1430/sample_GBM1_exosome_clean_fq/endogenousAlignments_Accepted.dict --acceptedAlignments /scratch/wbJob-runExceRpt-zNcF69-1430/sample_GBM1_exosome_clean_fq/endogenousAlignments_Accepted.txt --outputPath /scratch/wbJob-runExceRpt-zNcF69-1430/sample_GBM1_exosome_clean_fq

2016/10/17 17:52:47 Reading alignments in: /scratch/wbJob-runExceRpt-zNcF69-1430/sample_GBM1_exosome_clean_fq/endogenousAlignments_Accepted.txt
2016/10/17 17:52:47 Using alignment dictionary: /scratch/wbJob-runExceRpt-zNcF69-1430/sample_GBM1_exosome_clean_fq/endogenousAlignments_Accepted.dict
2016/10/17 17:52:47 Writing results to: /scratch/wbJob-runExceRpt-zNcF69-1430/sample_GBM1_exosome_clean_fq
2016/10/17 17:52:47 Reading alignment dictionary...
2016/10/17 17:52:48 Reading alignments...
2016/10/17 17:53:24  - Read alignments for 282498 insert sequences
2016/10/17 17:53:24 Writing read counts...
2016/10/17 17:53:25 Done!
======================

2016-10-17--17:53:39 exceRpt_smallRNA: Mapping reads to repetitive elements in the host genome:

2016-10-17--17:53:39 exceRpt_smallRNA: STAR --runThreadN 8 --outFileNamePrefix /scratch/wbJob-runExceRpt-zNcF69-1430/sample_GBM1_exosome_clean_fq/endogenousAlignments_repetitiveElements_ --genomeDir /opt/exceRptPipeline/4_prod/exceRptDB_v4/DATABASE/hg19/STAR_INDEX_repetitiveElements --readFilesIn /scratch/wbJob-runExceRpt-zNcF69-1430/sample_GBM1_exosome_clean_fq/endogenousAlignments_genomeUnmapped_transcriptome_Unmapped.R1.fastq.gz --outReadsUnmapped Fastx --parametersFiles /opt/exceRptPipeline/4_prod/exceRptDB_v4/DATABASE/STAR_Parameters_Endogenous_smallRNA.in --alignEndsType Local --outFilterMatchNmin 18 --outFilterMatchNminOverLread 0.9 --outFilterMismatchNmax 1 --outFilterMismatchNoverLmax 0.3  >> /scratch/wbJob-runExceRpt-zNcF69-1430/sample_GBM1_exosome_clean_fq.log 2>> /scratch/wbJob-runExceRpt-zNcF69-1430/sample_GBM1_exosome_clean_fq.err

Oct 17 17:53:39 ..... Started STAR run
Oct 17 17:53:39 ..... Loading genome
Oct 17 17:53:59 ..... Started mapping
Oct 17 20:09:52 ..... Finished successfully
2016-10-17--20:09:53 exceRpt_smallRNA: Finished mapping to repetitive elements in the host genome

======================

2016-10-17--20:10:26 exceRpt_smallRNA: Aligning remaining reads to the genome allowing gaps 

2016-10-17--20:10:26 exceRpt_smallRNA: STAR --runThreadN 8 --outFileNamePrefix /scratch/wbJob-runExceRpt-zNcF69-1430/sample_GBM1_exosome_clean_fq/endogenousAlignments_genomeGapped_ --alignIntronMax 0 --alignIntronMin 21 --genomeDir /opt/exceRptPipeline/4_prod/exceRptDB_v4/DATABASE/hg19/STAR_INDEX_genome --readFilesIn /scratch/wbJob-runExceRpt-zNcF69-1430/sample_GBM1_exosome_clean_fq/endogenousAlignments_repetitiveElements_Unmapped.R1.fastq.gz --outReadsUnmapped Fastx --parametersFiles /opt/exceRptPipeline/4_prod/exceRptDB_v4/DATABASE/STAR_Parameters_Endogenous_smallRNA.in --alignEndsType Local --outFilterMatchNmin 18 --outFilterMatchNminOverLread 0.9 --outFilterMismatchNmax 1 --outFilterMismatchNoverLmax 0.3  >> /scratch/wbJob-runExceRpt-zNcF69-1430/sample_GBM1_exosome_clean_fq.log 2>> /scratch/wbJob-runExceRpt-zNcF69-1430/sample_GBM1_exosome_clean_fq.err

Oct 17 20:10:26 ..... Started STAR run
Oct 17 20:10:26 ..... Loading genome
Oct 17 20:10:41 ..... Started mapping
Oct 17 20:11:27 ..... Finished successfully
2016-10-17--20:11:27 exceRpt_smallRNA: Finished aligning remaining reads to the genome allowing gaps

======================

2016-10-17--20:11:58 exceRpt_smallRNA: Mapping reads to all miRNAs in miRBase:

2016-10-17--20:11:58 exceRpt_smallRNA: STAR --runThreadN 8 --outFileNamePrefix /scratch/wbJob-runExceRpt-zNcF69-1430/sample_GBM1_exosome_clean_fq/EXOGENOUS_miRNA/exogenous_miRBase_ --genomeDir /opt/exceRptPipeline/4_prod/exceRptDB_v4/DATABASE/miRBase/STAR_INDEX_miRBaseAll --readFilesIn /scratch/wbJob-runExceRpt-zNcF69-1430/sample_GBM1_exosome_clean_fq/endogenousAlignments_genomeGapped_Unmapped.R1.fastq.gz --outReadsUnmapped Fastx --parametersFiles /opt/exceRptPipeline/4_prod/exceRptDB_v4/DATABASE/STAR_Parameters_Exogenous.in --outSAMtype BAM Unsorted --outSAMattributes Standard --alignEndsType EndToEnd --outFilterMatchNmin 18 --outFilterMatchNminOverLread 1.0 --outFilterMismatchNmax 0 --outFilterMismatchNoverLmax 0.3  >> /scratch/wbJob-runExceRpt-zNcF69-1430/sample_GBM1_exosome_clean_fq.log 2>> /scratch/wbJob-runExceRpt-zNcF69-1430/sample_GBM1_exosome_clean_fq.err

Oct 17 20:11:58 ..... Started STAR run
Oct 17 20:11:58 ..... Loading genome
Oct 17 20:11:58 ..... Started mapping
Oct 17 20:12:30 ..... Finished successfully
2016-10-17--20:12:31 exceRpt_smallRNA: Finished mapping to all miRNAs in miRBase

2016-10-17--20:13:00 exceRpt_smallRNA: Assigning reads:

2016/10/17 20:13:00 Using default library priorities: miRNA > tRNA > piRNA > gencode > circRNA
2016/10/17 20:13:00 Reading miRNA annotation info
2016/10/17 20:13:05 Processing RNA-seq alignments
2016/10/17 20:13:05 Processing transcriptome alignments for genome-UNmapped reads...
2016/10/17 20:13:05 Done!
2016/10/17 20:13:05 Reading alignments in: /scratch/wbJob-runExceRpt-zNcF69-1430/sample_GBM1_exosome_clean_fq/EXOGENOUS_miRNA/exogenousAlignments_Accepted.txt
2016/10/17 20:13:05 Using alignment dictionary: /scratch/wbJob-runExceRpt-zNcF69-1430/sample_GBM1_exosome_clean_fq/EXOGENOUS_miRNA/exogenousAlignments_Accepted.dict
2016/10/17 20:13:05 Writing results to: /scratch/wbJob-runExceRpt-zNcF69-1430/sample_GBM1_exosome_clean_fq/EXOGENOUS_miRNA
2016/10/17 20:13:05 Reading alignment dictionary...
2016/10/17 20:13:05 Reading alignments...
2016/10/17 20:13:05  - Read alignments for 209 insert sequences
2016/10/17 20:13:05 Writing read counts...
2016/10/17 20:13:05 Done!
2016-10-17--20:13:05 exceRpt_smallRNA: Finished assigning reads

======================

2016-10-17--20:13:06 exceRpt_smallRNA: Mapping reads to rRNA sequences in RDP (a.k.a. ribosome DB):

2016-10-17--20:13:06 exceRpt_smallRNA: STAR --runThreadN 8 --outFileNamePrefix /scratch/wbJob-runExceRpt-zNcF69-1430/sample_GBM1_exosome_clean_fq/EXOGENOUS_rRNA/exogenous_rRNA_ --genomeDir /opt/exceRptPipeline/4_prod/exceRptDB_v4/DATABASE/ribosomeDatabase/exogenous_rRNAs --readFilesIn /scratch/wbJob-runExceRpt-zNcF69-1430/sample_GBM1_exosome_clean_fq/EXOGENOUS_miRNA/exogenous_miRBase_Unmapped.R1.fastq.gz --outReadsUnmapped Fastx --parametersFiles /opt/STAR/2.4.2a/indexes/STAR_Parameters_Exogenous.in --outSAMtype BAM Unsorted --outSAMattributes Standard --alignEndsType EndToEnd --outFilterMatchNmin 18 --outFilterMatchNminOverLread 1.0 --outFilterMismatchNmax 0 --outFilterMismatchNoverLmax 0.3  >> /scratch/wbJob-runExceRpt-zNcF69-1430/sample_GBM1_exosome_clean_fq.log

Oct 17 20:13:06 ..... Started STAR run
Oct 17 20:13:06 ..... Loading genome
Oct 17 20:13:36 ..... Started mapping
Oct 17 21:28:06 ..... Finished successfully
2016-10-17--21:28:36 exceRpt_smallRNA: Finished mapping to rRNA sequences in RDP

======================

2016-10-17--21:28:36 exceRpt_smallRNA: Resolving and quantifying rRNA alignments


2016-10-17--21:28:36 exceRpt_smallRNA: samtools view /scratch/wbJob-runExceRpt-zNcF69-1430/sample_GBM1_exosome_clean_fq/EXOGENOUS_rRNA/exogenous_rRNA_Aligned.out.bam | awk '{print ,,,,0}' | sort -k 1,1 -k 2,2 | uniq > /scratch/wbJob-runExceRpt-zNcF69-1430/sample_GBM1_exosome_clean_fq/EXOGENOUS_rRNA/ExogenousRibosomalAlignments.txt 2>> /scratch/wbJob-runExceRpt-zNcF69-1430/sample_GBM1_exosome_clean_fq.log


2016-10-17--21:28:42 exceRpt_smallRNA: java -Xmx30G -jar /opt/exceRptPipeline/4_prod/exceRpt_Tools.jar ProcessExogenousAlignments -taxonomyPath /opt/exceRptPipeline/4_prod/exceRptDB_v4/DATABASE/NCBI_taxonomy_taxdump -min 0.001 -frac 0.95 --minReads 3 -batchSize 20000 -alignments /scratch/wbJob-runExceRpt-zNcF69-1430/sample_GBM1_exosome_clean_fq/EXOGENOUS_rRNA/ExogenousRibosomalAlignments.txt --rdp > /scratch/wbJob-runExceRpt-zNcF69-1430/sample_GBM1_exosome_clean_fq/EXOGENOUS_rRNA/ExogenousRibosomalAlignments.tmp 2>> /scratch/wbJob-runExceRpt-zNcF69-1430/sample_GBM1_exosome_clean_fq.log

2016/10/17 21:28:42  Summarising alignments in: '/scratch/wbJob-runExceRpt-zNcF69-1430/sample_GBM1_exosome_clean_fq/EXOGENOUS_rRNA/ExogenousRibosomalAlignments.txt'
2016/10/17 21:28:42              in batches of: 20000 reads
2016/10/17 21:28:42          using taxonomy in: '/opt/exceRptPipeline/4_prod/exceRptDB_v4/DATABASE/NCBI_taxonomy_taxdump', minFraction=0.95, top-down:false, for alignments above 0.0010% of total reads
2016/10/17 21:28:42  Reading taxonomy: node names
2016/10/17 21:28:57  Reading taxonomy: node hierarchy
2016/10/17 21:29:01  Reading alignments...
2016/10/17 21:37:28  Processing alignments in batch 1
2016/10/17 21:37:28   - Detected 553268 possible species from 20000 aligned reads (minReads=0)
2016/10/17 21:46:29   - Done. Suppressed 0 total reads (0.0% of input reads) due to minimum read requirement.
2016/10/17 21:46:29  Reading alignments...
2016/10/17 21:54:15  Processing alignments in batch 2
2016/10/17 21:54:15   - Detected 548364 possible species from 20000 aligned reads (minReads=0)
2016/10/17 22:02:52   - Done. Suppressed 0 total reads (0.0% of input reads) due to minimum read requirement.
2016/10/17 22:02:52  Reading alignments...
2016/10/17 22:03:03  Processing alignments in batch 3
2016/10/17 22:03:03   - Detected 412799 possible species from 594 aligned reads (minReads=0)
2016/10/17 22:04:08   - Done. Suppressed 0 total reads (0.0% of input reads) due to minimum read requirement.
2016/10/17 22:04:08  Reading alignments...
2016/10/17 22:04:08  Quantifying
2016/10/17 22:04:08  Done
2016-10-17--22:04:09 exceRpt_smallRNA: Finished resolving and quantifying rRNA alignments

2016-10-17--22:04:09 exceRpt_smallRNA: END smallRNA-seq Pipeline for sample sample_GBM1_exosome_clean_fq
======================

